#
# A fatal error has been detected by the Java Runtime Environment:
#
#  EXCEPTION_ACCESS_VIOLATION (0xc0000005) at pc=0x00007ff90b62a39e, pid=21992, tid=27544
#
# JRE version: OpenJDK Runtime Environment Temurin-21.0.7+6 (21.0.7+6) (build 21.0.7+6-LTS)
# Java VM: OpenJDK 64-Bit Server VM Temurin-21.0.7+6 (21.0.7+6-LTS, mixed mode, emulated-client, sharing, tiered, compressed oops, compressed class ptrs, g1 gc, windows-amd64)
# Problematic frame:
# V  [jvm.dll+0x31a39e]
#
# No core dump will be written. Minidumps are not enabled by default on client versions of Windows
#
# If you would like to submit a bug report, please visit:
#   https://github.com/adoptium/adoptium-support/issues
#

---------------  S U M M A R Y ------------

Command Line: -XX:+ShowCodeDetailsInExceptionMessages -agentlib:jdwp=transport=dt_socket,suspend=y,address=localhost:9898 -Dcom.sun.management.jmxremote -Dcom.sun.management.jmxremote.port=9897 -Dcom.sun.management.jmxremote.authenticate=false -Dcom.sun.management.jmxremote.ssl=false -Djava.rmi.server.hostname=localhost -Dspring.jmx.enabled=true -Dmanagement.endpoints.jmx.exposure.include=* -Dspring.application.admin.enabled=true -Dspring.output.ansi.enabled=always -XX:TieredStopAtLevel=1 -Dspring.boot.project.name=E-ProductService -javaagent:D:\Sateesha\eclipse\configuration\org.eclipse.osgi\442\0\.cp\lib\javaagent-shaded.jar -Dfile.encoding=UTF-8 -Dstdout.encoding=UTF-8 -Dstderr.encoding=UTF-8 com.product_service.ProductService1Application

Host: 11th Gen Intel(R) Core(TM) i5-1135G7 @ 2.40GHz, 8 cores, 7G,  Windows 11 , 64 bit Build 26100 (10.0.26100.5074)
Time: Tue Sep  9 13:29:39 2025 India Standard Time elapsed time: 1855.752212 seconds (0d 0h 30m 55s)

---------------  T H R E A D  ---------------

Current thread (0x000001ffdecb4c50):  WorkerThread "GC Thread#5"    [id=27544, stack(0x0000003411100000,0x0000003411200000) (1024K)]

Stack: [0x0000003411100000,0x0000003411200000],  sp=0x00000034111fe2f0,  free space=1016k
Native frames: (J=compiled Java code, j=interpreted, Vv=VM code, C=native code)
V  [jvm.dll+0x31a39e]
V  [jvm.dll+0x341c99]
V  [jvm.dll+0x341c02]
V  [jvm.dll+0x314d7b]
V  [jvm.dll+0x3147cd]
V  [jvm.dll+0x3eef95]
V  [jvm.dll+0x8522b6]
V  [jvm.dll+0x85c111]
V  [jvm.dll+0x366bfa]
V  [jvm.dll+0x366cb4]
V  [jvm.dll+0x346553]
V  [jvm.dll+0x8d6377]
V  [jvm.dll+0x851f6b]
V  [jvm.dll+0x6cc7dd]
C  [ucrtbase.dll+0x37b0]
C  [KERNEL32.DLL+0x2e8d7]
C  [ntdll.dll+0x8d9c]

JavaThread 0x000001ffe5e66210 (nid = 11216) was being processed
Java frames: (J=compiled Java code, j=interpreted, Vv=VM code)
j  java.lang.invoke.DirectMethodHandle$Holder.invokeVirtual(Ljava/lang/Object;Ljava/lang/Object;)Ljava/lang/Object;+10 java.base@21.0.7
j  java.lang.invoke.LambdaForm$MH+0x000001ff81930000.invoke(Ljava/lang/Object;Ljava/lang/Object;)Ljava/lang/Object;+31 java.base@21.0.7
J 4047 c1 jdk.internal.reflect.DirectMethodHandleAccessor.invoke(Ljava/lang/Object;[Ljava/lang/Object;)Ljava/lang/Object; java.base@21.0.7 (92 bytes) @ 0x000001ffd67c4374 [0x000001ffd67c40a0+0x00000000000002d4]
J 4051 c1 java.lang.reflect.Method.invoke(Ljava/lang/Object;[Ljava/lang/Object;)Ljava/lang/Object; java.base@21.0.7 (108 bytes) @ 0x000001ffd67c25f4 [0x000001ffd67c2400+0x00000000000001f4]
j  org.springframework.web.method.support.InvocableHandlerMethod.doInvoke([Ljava/lang/Object;)Ljava/lang/Object;+55
j  org.springframework.web.method.support.InvocableHandlerMethod.invokeForRequest(Lorg/springframework/web/context/request/NativeWebRequest;Lorg/springframework/web/method/support/ModelAndViewContainer;[Ljava/lang/Object;)Ljava/lang/Object;+82
j  org.springframework.web.servlet.mvc.method.annotation.ServletInvocableHandlerMethod.invokeAndHandle(Lorg/springframework/web/context/request/ServletWebRequest;Lorg/springframework/web/method/support/ModelAndViewContainer;[Ljava/lang/Object;)V+4
j  org.springframework.web.servlet.mvc.method.annotation.RequestMappingHandlerAdapter.invokeHandlerMethod(Ljakarta/servlet/http/HttpServletRequest;Ljakarta/servlet/http/HttpServletResponse;Lorg/springframework/web/method/HandlerMethod;)Lorg/springframework/web/servlet/ModelAndView;+309
j  org.springframework.web.servlet.mvc.method.annotation.RequestMappingHandlerAdapter.handleInternal(Ljakarta/servlet/http/HttpServletRequest;Ljakarta/servlet/http/HttpServletResponse;Lorg/springframework/web/method/HandlerMethod;)Lorg/springframework/web/servlet/ModelAndView;+81
j  org.springframework.web.servlet.mvc.method.AbstractHandlerMethodAdapter.handle(Ljakarta/servlet/http/HttpServletRequest;Ljakarta/servlet/http/HttpServletResponse;Ljava/lang/Object;)Lorg/springframework/web/servlet/ModelAndView;+7
j  org.springframework.web.servlet.DispatcherServlet.doDispatch(Ljakarta/servlet/http/HttpServletRequest;Ljakarta/servlet/http/HttpServletResponse;)V+304
j  org.springframework.web.servlet.DispatcherServlet.doService(Ljakarta/servlet/http/HttpServletRequest;Ljakarta/servlet/http/HttpServletResponse;)V+242
j  org.springframework.web.servlet.FrameworkServlet.processRequest(Ljakarta/servlet/http/HttpServletRequest;Ljakarta/servlet/http/HttpServletResponse;)V+70
j  org.springframework.web.servlet.FrameworkServlet.doGet(Ljakarta/servlet/http/HttpServletRequest;Ljakarta/servlet/http/HttpServletResponse;)V+3
j  jakarta.servlet.http.HttpServlet.service(Ljakarta/servlet/http/HttpServletRequest;Ljakarta/servlet/http/HttpServletResponse;)V+35
j  org.springframework.web.servlet.FrameworkServlet.service(Ljakarta/servlet/http/HttpServletRequest;Ljakarta/servlet/http/HttpServletResponse;)V+20
j  jakarta.servlet.http.HttpServlet.service(Ljakarta/servlet/ServletRequest;Ljakarta/servlet/ServletResponse;)V+37
j  org.apache.catalina.core.ApplicationFilterChain.internalDoFilter(Ljakarta/servlet/ServletRequest;Ljakarta/servlet/ServletResponse;)V+300
j  org.apache.catalina.core.ApplicationFilterChain.doFilter(Ljakarta/servlet/ServletRequest;Ljakarta/servlet/ServletResponse;)V+99
j  org.apache.tomcat.websocket.server.WsFilter.doFilter(Ljakarta/servlet/ServletRequest;Ljakarta/servlet/ServletResponse;Ljakarta/servlet/FilterChain;)V+21
j  org.apache.catalina.core.ApplicationFilterChain.internalDoFilter(Ljakarta/servlet/ServletRequest;Ljakarta/servlet/ServletResponse;)V+130
j  org.apache.catalina.core.ApplicationFilterChain.doFilter(Ljakarta/servlet/ServletRequest;Ljakarta/servlet/ServletResponse;)V+99
j  org.springframework.web.filter.RequestContextFilter.doFilterInternal(Ljakarta/servlet/http/HttpServletRequest;Ljakarta/servlet/http/HttpServletResponse;Ljakarta/servlet/FilterChain;)V+21
j  org.springframework.web.filter.OncePerRequestFilter.doFilter(Ljakarta/servlet/ServletRequest;Ljakarta/servlet/ServletResponse;Ljakarta/servlet/FilterChain;)V+150
j  org.apache.catalina.core.ApplicationFilterChain.internalDoFilter(Ljakarta/servlet/ServletRequest;Ljakarta/servlet/ServletResponse;)V+130
j  org.apache.catalina.core.ApplicationFilterChain.doFilter(Ljakarta/servlet/ServletRequest;Ljakarta/servlet/ServletResponse;)V+99
j  org.springframework.web.filter.FormContentFilter.doFilterInternal(Ljakarta/servlet/http/HttpServletRequest;Ljakarta/servlet/http/HttpServletResponse;Ljakarta/servlet/FilterChain;)V+38
j  org.springframework.web.filter.OncePerRequestFilter.doFilter(Ljakarta/servlet/ServletRequest;Ljakarta/servlet/ServletResponse;Ljakarta/servlet/FilterChain;)V+150
j  org.apache.catalina.core.ApplicationFilterChain.internalDoFilter(Ljakarta/servlet/ServletRequest;Ljakarta/servlet/ServletResponse;)V+130
j  org.apache.catalina.core.ApplicationFilterChain.doFilter(Ljakarta/servlet/ServletRequest;Ljakarta/servlet/ServletResponse;)V+99
j  org.springframework.web.filter.CharacterEncodingFilter.doFilterInternal(Ljakarta/servlet/http/HttpServletRequest;Ljakarta/servlet/http/HttpServletResponse;Ljakarta/servlet/FilterChain;)V+53
j  org.springframework.web.filter.OncePerRequestFilter.doFilter(Ljakarta/servlet/ServletRequest;Ljakarta/servlet/ServletResponse;Ljakarta/servlet/FilterChain;)V+150
j  org.apache.catalina.core.ApplicationFilterChain.internalDoFilter(Ljakarta/servlet/ServletRequest;Ljakarta/servlet/ServletResponse;)V+130
j  org.apache.catalina.core.ApplicationFilterChain.doFilter(Ljakarta/servlet/ServletRequest;Ljakarta/servlet/ServletResponse;)V+99
j  org.apache.catalina.core.StandardWrapperValve.invoke(Lorg/apache/catalina/connector/Request;Lorg/apache/catalina/connector/Response;)V+511
j  org.apache.catalina.core.StandardContextValve.invoke(Lorg/apache/catalina/connector/Request;Lorg/apache/catalina/connector/Response;)V+169
j  org.apache.catalina.authenticator.AuthenticatorBase.invoke(Lorg/apache/catalina/connector/Request;Lorg/apache/catalina/connector/Response;)V+221
j  org.apache.catalina.core.StandardHostValve.invoke(Lorg/apache/catalina/connector/Request;Lorg/apache/catalina/connector/Response;)V+131
j  org.apache.catalina.valves.ErrorReportValve.invoke(Lorg/apache/catalina/connector/Request;Lorg/apache/catalina/connector/Response;)V+6
j  org.apache.catalina.core.StandardEngineValve.invoke(Lorg/apache/catalina/connector/Request;Lorg/apache/catalina/connector/Response;)V+59
j  org.apache.catalina.connector.CoyoteAdapter.service(Lorg/apache/coyote/Request;Lorg/apache/coyote/Response;)V+188
j  org.apache.coyote.http11.Http11Processor.service(Lorg/apache/tomcat/util/net/SocketWrapperBase;)Lorg/apache/tomcat/util/net/AbstractEndpoint$Handler$SocketState;+796
j  org.apache.coyote.AbstractProcessorLight.process(Lorg/apache/tomcat/util/net/SocketWrapperBase;Lorg/apache/tomcat/util/net/SocketEvent;)Lorg/apache/tomcat/util/net/AbstractEndpoint$Handler$SocketState;+155
j  org.apache.coyote.AbstractProtocol$ConnectionHandler.process(Lorg/apache/tomcat/util/net/SocketWrapperBase;Lorg/apache/tomcat/util/net/SocketEvent;)Lorg/apache/tomcat/util/net/AbstractEndpoint$Handler$SocketState;+477
j  org.apache.tomcat.util.net.NioEndpoint$SocketProcessor.doRun()V+222
j  org.apache.tomcat.util.net.SocketProcessorBase.run()V+32
j  org.apache.tomcat.util.threads.ThreadPoolExecutor.runWorker(Lorg/apache/tomcat/util/threads/ThreadPoolExecutor$Worker;)V+92
j  org.apache.tomcat.util.threads.ThreadPoolExecutor$Worker.run()V+5
j  org.apache.tomcat.util.threads.TaskThread$WrappingRunnable.run()V+4
j  java.lang.Thread.runWith(Ljava/lang/Object;Ljava/lang/Runnable;)V+5 java.base@21.0.7
j  java.lang.Thread.run()V+19 java.base@21.0.7
v  ~StubRoutines::call_stub 0x000001ffd5e110e7

siginfo: EXCEPTION_ACCESS_VIOLATION (0xc0000005), reading address 0x00000200a7a77f48


Registers:
RAX=0x000001ffd96e0000, RBX=0x000001ffd24d62a0, RCX=0x0000000000000006, RDX=0x0000000000000001
RSP=0x00000034111fe2f0, RBP=0x00000034111fe480, RSI=0x000001ffe5e62d90, RDI=0x0000000671cbfa46
R8 =0x00000200a7a77f48, R9 =0x000001ff80725430, R10=0x000001ffd5e10000, R11=0x00000034111fe4f8
R12=0x000001ff80542798, R13=0x000001ffdeb9e950, R14=0x000001ffdebccf30, R15=0x0000000000000000
RIP=0x00007ff90b62a39e, EFLAGS=0x0000000000010206

XMM[0]=0x3b3b3b3b3b3b3b3b 0x3b3b3b3b3b3b3b3b
XMM[1]=0x0000000000000000 0x00000000000000ff
XMM[2]=0x0000000000000000 0x0000000000000000
XMM[3]=0x0000000000000000 0x0000000000000000
XMM[4]=0x0000000000000000 0x0000000000000000
XMM[5]=0x0000000000000000 0x0000000000000000
XMM[6]=0x0000000000000000 0x0000000000000000
XMM[7]=0x0000000000000000 0x0000000000000000
XMM[8]=0x0000000000000000 0x0000000000000000
XMM[9]=0x0000000000000000 0x0000000000000000
XMM[10]=0x0000000000000000 0x0000000000000000
XMM[11]=0x0000000000000000 0x0000000000000000
XMM[12]=0x0000000000000000 0x0000000000000000
XMM[13]=0x0000000000000000 0x0000000000000000
XMM[14]=0x0000000000000000 0x0000000000000000
XMM[15]=0x0000000000000000 0x0000000000000000
  MXCSR=0x00001fa0


Register to memory mapping:

RAX=0x000001ffd96e0000 points into unknown readable memory: 0x0000000000000001 | 01 00 00 00 00 00 00 00
RBX=0x000001ffd24d62a0 points into unknown readable memory: 0x00007ff90bd376d8 | d8 76 d3 0b f9 7f 00 00
RCX=0x0000000000000006 is an unknown value
RDX=0x0000000000000001 is an unknown value
RSP=0x00000034111fe2f0 points into unknown readable memory: 0x000000000000012f | 2f 01 00 00 00 00 00 00
RBP=0x00000034111fe480 points into unknown readable memory: 0x0000003400000000 | 00 00 00 00 34 00 00 00
RSI=0x000001ffe5e62d90 points into unknown readable memory: 0x000000340fdff460 | 60 f4 df 0f 34 00 00 00
RDI=0x0000000671cbfa46 is an unknown value
R8 =0x00000200a7a77f48 is an unknown value
R9 =0x000001ff80725430 is pointing into metadata
R10=0x000001ffd5e10000 points into unknown readable memory: 0x0000000000000006 | 06 00 00 00 00 00 00 00
R11=0x00000034111fe4f8 points into unknown readable memory: 0x00007ff90b6247cd | cd 47 62 0b f9 7f 00 00
R12=0x000001ff80542798 is pointing into metadata
R13=0x000001ffdeb9e950 points into unknown readable memory: 0x0000000000000000 | 00 00 00 00 00 00 00 00
R14=0x000001ffdebccf30 points into unknown readable memory: 0x99c300b6c112c002 | 02 c0 12 c1 b6 00 c3 99
R15=0x0 is null

Top of Stack: (sp=0x00000034111fe2f0)
0x00000034111fe2f0:   000000000000012f 00007ff90b9cc362
0x00000034111fe300:   000001ffe5e62d90 00007ff90b651c02
0x00000034111fe310:   00000034129fd230 00007ff90b651c99
0x00000034111fe320:   00000034129fd230 00000034111fe650
0x00000034111fe330:   0000000000000010 00007ff90b9cc0b9
0x00000034111fe340:   000001ffe5e62d90 00007ff90b651c02
0x00000034111fe350:   00000034111fe410 00000034111fe650
0x00000034111fe360:   00000034111fe650 0000000000000000
0x00000034111fe370:   0000000000000001 00007ff90b624d7b
0x00000034111fe380:   000001ffe5e63340 000001ff800b3bd8
0x00000034111fe390:   000001ffe5e63340 00000034111fe650
0x00000034111fe3a0:   0000000a00000001 000001ff800b3bd8
0x00000034111fe3b0:   000001ffdecb4c50 000001ff00000003
0x00000034111fe3c0:   00000000000003d8 000001ffdeb9e960
0x00000034111fe3d0:   000001ffdeb9ed38 000001ff80728d6a
0x00000034111fe3e0:   000001ff000000b8 000001ff800b3bd8
0x00000034111fe3f0:   00007ff90bd33210 00000034111fe650
0x00000034111fe400:   000001ffe5e63340 0000000400000003
0x00000034111fe410:   000001ff80542798 0000001300000001
0x00000034111fe420:   0000000000000043 000000010000000c
0x00000034111fe430:   000001ff80480090 0000000000000000
0x00000034111fe440:   000001ffe5ac01ac 0000000000000002
0x00000034111fe450:   0000000300000001 0000ffff09b00000
0x00000034111fe460:   0000000085faf690 00007ff90b651c99
0x00000034111fe470:   0000000085faf690 00000006deb90013
0x00000034111fe480:   0000003400000000 0000000000000015
0x00000034111fe490:   000001ffe5e62d90 00007ff90b651c02
0x00000034111fe4a0:   0000000000000000 0000003400000003
0x00000034111fe4b0:   0000b8cc8dad6ffb 00007ff90b4b7287
0x00000034111fe4c0:   000001ffe5e63340 00000000000003d8
0x00000034111fe4d0:   000001ffdeb9ed38 00000034111fe650
0x00000034111fe4e0:   00000034111ffb40 00007ff90bb6b100 

Instructions: (pc=0x00007ff90b62a39e)
0x00007ff90b62a29e:   38 f0 4c 01 04 c8 48 c7 42 08 00 00 00 00 44 89
0x00007ff90b62a2ae:   12 49 ff 41 58 4c 01 5a 08 e9 4a ff ff ff 49 ff
0x00007ff90b62a2be:   41 50 4c 01 5a 08 e9 3d ff ff ff cc cc cc cc cc
0x00007ff90b62a2ce:   cc cc 48 89 5c 24 08 57 48 83 ec 20 48 8b 01 48
0x00007ff90b62a2de:   8b fa 48 8b d9 ff 50 08 4c 8b c8 48 85 c0 74 66
0x00007ff90b62a2ee:   4c 8b 40 10 4c 2b 00 48 c7 40 28 00 00 00 00 4c
0x00007ff90b62a2fe:   89 43 18 48 8b 50 10 48 8b 48 08 48 8b c7 48 2b
0x00007ff90b62a30e:   ca 48 c1 e9 03 48 3b cf 48 0f 42 c1 48 3b c7 72
0x00007ff90b62a31e:   1e 48 8d 04 c2 49 89 41 10 90 ff 43 10 48 8b c2
0x00007ff90b62a32e:   4c 89 4b 08 48 8b 5c 24 30 48 83 c4 20 5f c3 33
0x00007ff90b62a33e:   d2 90 ff 43 10 8b c2 4c 89 4b 08 48 8b 5c 24 30
0x00007ff90b62a34e:   48 83 c4 20 5f c3 48 8b 5c 24 30 48 83 c4 20 5f
0x00007ff90b62a35e:   c3 cc 48 89 5c 24 08 57 48 83 ec 20 48 8b 01 48
0x00007ff90b62a36e:   8b fa 48 8b d9 ff 10 48 2b 7b 08 8b 4b 18 48 8b
0x00007ff90b62a37e:   43 20 48 c1 ef 03 48 d3 ef 40 0f b6 cf 48 8b d7
0x00007ff90b62a38e:   48 c1 ea 06 80 e1 3f 4c 8d 04 d0 ba 01 00 00 00
0x00007ff90b62a39e:   49 8b 00 48 d3 e2 48 8b c8 48 0b ca 48 3b c8 74
0x00007ff90b62a3ae:   13 90 f0 49 0f b1 08 74 18 48 8b c8 48 0b ca 48
0x00007ff90b62a3be:   3b c8 75 ee 32 c0 48 8b 5c 24 30 48 83 c4 20 5f
0x00007ff90b62a3ce:   c3 48 8b 5c 24 30 b0 01 48 83 c4 20 5f c3 cc cc
0x00007ff90b62a3de:   cc cc 48 89 5c 24 08 57 48 83 ec 20 4c 8b 41 30
0x00007ff90b62a3ee:   48 8b da 48 8b f9 45 8b 88 80 00 00 00 41 8b 80
0x00007ff90b62a3fe:   00 01 00 00 41 8b d1 2b d0 81 e2 ff ff 01 00 81
0x00007ff90b62a40e:   fa fe ff 01 00 73 26 49 8b 80 80 01 00 00 4a 89
0x00007ff90b62a41e:   1c c8 41 8d 41 01 25 ff ff 01 00 41 89 80 80 00
0x00007ff90b62a42e:   00 00 48 8b 5c 24 30 48 83 c4 20 5f c3 e8 e0 b1
0x00007ff90b62a43e:   01 00 48 8b 57 30 44 8b 82 80 00 00 00 8b 82 00
0x00007ff90b62a44e:   01 00 00 41 8b c8 2b c8 81 e1 ff ff 01 00 81 f9
0x00007ff90b62a45e:   fe ff 01 00 73 1a 48 8b 82 80 01 00 00 4a 89 1c
0x00007ff90b62a46e:   c0 41 8d 40 01 25 ff ff 01 00 89 82 80 00 00 00
0x00007ff90b62a47e:   48 8b 5c 24 30 48 83 c4 20 5f c3 cc cc cc cc cc
0x00007ff90b62a48e:   cc cc 48 89 5c 24 08 57 48 83 ec 20 48 8b 79 08 


Stack slot to memory mapping:

stack at sp + 0 slots: 0x000000000000012f is an unknown value
stack at sp + 1 slots: 0x00007ff90b9cc362 jvm.dll
stack at sp + 2 slots: 0x000001ffe5e62d90 points into unknown readable memory: 0x000000340fdff460 | 60 f4 df 0f 34 00 00 00
stack at sp + 3 slots: 0x00007ff90b651c02 jvm.dll
stack at sp + 4 slots: 0x00000034129fd230 is pointing into the stack for thread: 0x000001ffe5e66210
stack at sp + 5 slots: 0x00007ff90b651c99 jvm.dll
stack at sp + 6 slots: 0x00000034129fd230 is pointing into the stack for thread: 0x000001ffe5e66210
stack at sp + 7 slots: 0x00000034111fe650 points into unknown readable memory: 0x00000034129fd228 | 28 d2 9f 12 34 00 00 00


---------------  P R O C E S S  ---------------

Threads class SMR info:
_java_thread_list=0x000001ffe4b60500, length=24, elements={
0x000001ffde00eb60, 0x000001ffde0121e0, 0x000001ffde014d50, 0x000001ffde016790,
0x000001ffde0153e0, 0x000001ffde015a70, 0x000001ffde03abb0, 0x000001ffde016100,
0x000001ffde1dde90, 0x000001ffde1e4230, 0x000001ffde1e88d0, 0x000001ffde013310,
0x000001ffde0139a0, 0x000001ffde014030, 0x000001ffde0146c0, 0x000001ffe3276f40,
0x000001ffe3275500, 0x000001ffe3273ac0, 0x000001ffe3279d30, 0x000001ffe327b0e0,
0x000001ffe5e68970, 0x000001ffe5e66210, 0x000001ffe32775d0, 0x000001ffe5e69000
}

Java Threads: ( => current thread )
  0x000001ffde00eb60 JavaThread "Reference Handler"          daemon [_thread_blocked, id=27924, stack(0x000000340fe00000,0x000000340ff00000) (1024K)]
  0x000001ffde0121e0 JavaThread "Finalizer"                  daemon [_thread_blocked, id=19560, stack(0x000000340ff00000,0x0000003410000000) (1024K)]
  0x000001ffde014d50 JavaThread "Signal Dispatcher"          daemon [_thread_blocked, id=12908, stack(0x0000003410000000,0x0000003410100000) (1024K)]
  0x000001ffde016790 JavaThread "Attach Listener"            daemon [_thread_blocked, id=11400, stack(0x0000003410100000,0x0000003410200000) (1024K)]
  0x000001ffde0153e0 JavaThread "Service Thread"             daemon [_thread_blocked, id=12092, stack(0x0000003410200000,0x0000003410300000) (1024K)]
  0x000001ffde015a70 JavaThread "Monitor Deflation Thread"   daemon [_thread_blocked, id=29152, stack(0x0000003410300000,0x0000003410400000) (1024K)]
  0x000001ffde03abb0 JavaThread "C1 CompilerThread0"         daemon [_thread_blocked, id=12916, stack(0x0000003410400000,0x0000003410500000) (1024K)]
  0x000001ffde016100 JavaThread "Common-Cleaner"             daemon [_thread_blocked, id=22084, stack(0x0000003410600000,0x0000003410700000) (1024K)]
  0x000001ffde1dde90 JavaThread "JDWP Transport Listener: dt_socket" daemon [_thread_blocked, id=8384, stack(0x0000003410700000,0x0000003410800000) (1024K)]
  0x000001ffde1e4230 JavaThread "JDWP Event Helper Thread"   daemon [_thread_blocked, id=15036, stack(0x0000003410800000,0x0000003410900000) (1024K)]
  0x000001ffde1e88d0 JavaThread "JDWP Command Reader"        daemon [_thread_in_native, id=3112, stack(0x0000003410900000,0x0000003410a00000) (1024K)]
  0x000001ffde013310 JavaThread "Notification Thread"        daemon [_thread_blocked, id=26016, stack(0x0000003410a00000,0x0000003410b00000) (1024K)]
  0x000001ffde0139a0 JavaThread "RMI TCP Accept-0"           daemon [_thread_in_native, id=19196, stack(0x0000003411400000,0x0000003411500000) (1024K)]
  0x000001ffde014030 JavaThread "RMI TCP Accept-9897"        daemon [_thread_in_native, id=3904, stack(0x0000003411500000,0x0000003411600000) (1024K)]
  0x000001ffde0146c0 JavaThread "RMI TCP Accept-0"           daemon [_thread_in_native, id=11436, stack(0x0000003411600000,0x0000003411700000) (1024K)]
  0x000001ffe3276f40 JavaThread "RMI Scheduler(0)"           daemon [_thread_blocked, id=6084, stack(0x0000003411800000,0x0000003411900000) (1024K)]
  0x000001ffe3275500 JavaThread "RMI TCP Connection(idle)"   daemon [_thread_blocked, id=27264, stack(0x0000003411900000,0x0000003411a00000) (1024K)]
  0x000001ffe3273ac0 JavaThread "JMX server connection timeout 38" daemon [_thread_blocked, id=11572, stack(0x0000003411a00000,0x0000003411b00000) (1024K)]
  0x000001ffe3279d30 JavaThread "mysql-cj-abandoned-connection-cleanup" daemon [_thread_blocked, id=27244, stack(0x0000003412100000,0x0000003412200000) (1024K)]
  0x000001ffe327b0e0 JavaThread "spectator-gauge-polling-0"  daemon [_thread_blocked, id=17596, stack(0x0000003412700000,0x0000003412800000) (1024K)]
  0x000001ffe5e68970 JavaThread "DestroyJavaVM"                     [_thread_blocked, id=23824, stack(0x000000340f600000,0x000000340f700000) (1024K)]
  0x000001ffe5e66210 JavaThread "http-nio-8082-exec-3"       daemon [_thread_blocked, id=11216, stack(0x0000003412900000,0x0000003412a00000) (1024K)]
  0x000001ffe32775d0 JavaThread "http-nio-8082-exec-6"       daemon [_thread_blocked, id=28956, stack(0x0000003412c00000,0x0000003412d00000) (1024K)]
  0x000001ffe5e69000 JavaThread "Thread-19"                         [_thread_blocked, id=24912, stack(0x0000003411700000,0x0000003411800000) (1024K)]
Total: 24

Other Threads:
  0x000001ffddfefa00 VMThread "VM Thread"                           [id=9184, stack(0x000000340fd00000,0x000000340fe00000) (1024K)]
  0x000001ffddfde060 WatcherThread "VM Periodic Task Thread"        [id=2612, stack(0x000000340fc00000,0x000000340fd00000) (1024K)]
  0x000001ffd24d5c90 WorkerThread "GC Thread#0"                     [id=14264, stack(0x000000340f700000,0x000000340f800000) (1024K)]
  0x000001ffdeca2250 WorkerThread "GC Thread#1"                     [id=28616, stack(0x0000003410d00000,0x0000003410e00000) (1024K)]
  0x000001ffdecb4170 WorkerThread "GC Thread#2"                     [id=28268, stack(0x0000003410e00000,0x0000003410f00000) (1024K)]
  0x000001ffdecb4510 WorkerThread "GC Thread#3"                     [id=21736, stack(0x0000003410f00000,0x0000003411000000) (1024K)]
  0x000001ffdecb48b0 WorkerThread "GC Thread#4"                     [id=29516, stack(0x0000003411000000,0x0000003411100000) (1024K)]
=>0x000001ffdecb4c50 WorkerThread "GC Thread#5"                     [id=27544, stack(0x0000003411100000,0x0000003411200000) (1024K)]
  0x000001ffdecb5200 WorkerThread "GC Thread#6"                     [id=19460, stack(0x0000003411200000,0x0000003411300000) (1024K)]
  0x000001ffdecb6450 WorkerThread "GC Thread#7"                     [id=22700, stack(0x0000003411300000,0x0000003411400000) (1024K)]
  0x000001ffd24e6610 ConcurrentGCThread "G1 Main Marker"            [id=28012, stack(0x000000340f800000,0x000000340f900000) (1024K)]
  0x000001ffd24e91e0 WorkerThread "G1 Conc#0"                       [id=28028, stack(0x000000340f900000,0x000000340fa00000) (1024K)]
  0x000001ffdecb7670 WorkerThread "G1 Conc#1"                       [id=25088, stack(0x0000003411d00000,0x0000003411e00000) (1024K)]
  0x000001ffddeb25f0 ConcurrentGCThread "G1 Refine#0"               [id=23556, stack(0x000000340fa00000,0x000000340fb00000) (1024K)]
  0x000001ffddeb2a20 ConcurrentGCThread "G1 Service"                [id=25504, stack(0x000000340fb00000,0x000000340fc00000) (1024K)]
Total: 15

Threads with active compile tasks:
Total: 0

VM state: at safepoint (normal execution)

VM Mutex/Monitor currently owned by a thread:  ([mutex/lock_event])
[0x00007ff90bfbe308] Threads_lock - owner thread: 0x000001ffddfefa00
[0x00007ff90bfbe408] Heap_lock - owner thread: 0x000001ffe5e69000

Heap address: 0x0000000084400000, size: 1980 MB, Compressed Oops mode: 32-bit

CDS archive(s) mapped at: [0x000001ff80000000-0x000001ff80c80000-0x000001ff80c80000), size 13107200, SharedBaseAddress: 0x000001ff80000000, ArchiveRelocationMode: 1.
Compressed class space mapped at: 0x000001ff81000000-0x000001ffc1000000, reserved size: 1073741824
Narrow klass base: 0x000001ff80000000, Narrow klass shift: 0, Narrow klass range: 0x100000000

GC Precious Log:
 CardTable entry size: 512
 Card Set container configuration: InlinePtr #cards 5 size 8 Array Of Cards #cards 12 size 40 Howl #buckets 4 coarsen threshold 1843 Howl Bitmap #cards 512 size 80 coarsen threshold 460 Card regions per heap region 1 cards per card region 2048
 CPUs: 8 total, 8 available
 Memory: 7914M
 Large Page Support: Disabled
 NUMA Support: Disabled
 Compressed Oops: Enabled (32-bit)
 Heap Region Size: 1M
 Heap Min Capacity: 8M
 Heap Initial Capacity: 124M
 Heap Max Capacity: 1980M
 Pre-touch: Disabled
 Parallel Workers: 8
 Concurrent Workers: 2
 Concurrent Refinement Workers: 8
 Periodic GC: Disabled

Heap:
 garbage-first heap   total 109568K, used 87867K [0x0000000084400000, 0x0000000100000000)
  region size 1024K, 51 young (52224K), 6 survivors (6144K)
 Metaspace       used 80345K, committed 81152K, reserved 1179648K
  class space    used 11168K, committed 11520K, reserved 1048576K

Heap Regions: E=young(eden), S=young(survivor), O=old, HS=humongous(starts), HC=humongous(continues), CS=collection set, F=free, TAMS=top-at-mark-start, PB=parsable bottom
|   0|0x0000000084400000, 0x0000000084500000, 0x0000000084500000|100%|HS|  |TAMS 0x0000000084400000| PB 0x0000000084500000| Untracked 
|   1|0x0000000084500000, 0x0000000084600000, 0x0000000084600000|100%|HS|  |TAMS 0x0000000084500000| PB 0x0000000084600000| Untracked 
|   2|0x0000000084600000, 0x0000000084700000, 0x0000000084700000|100%|HS|  |TAMS 0x0000000084600000| PB 0x0000000084700000| Untracked 
|   3|0x0000000084700000, 0x00000000847fffe0, 0x0000000084800000| 99%| O|  |TAMS 0x0000000084700000| PB 0x00000000847fffe0| Untracked 
|   4|0x0000000084800000, 0x00000000848fffe0, 0x0000000084900000| 99%| O|  |TAMS 0x0000000084800000| PB 0x00000000848fffe0| Untracked 
|   5|0x0000000084900000, 0x00000000849f6350, 0x0000000084a00000| 96%| O|  |TAMS 0x0000000084900000| PB 0x00000000849f6350| Untracked 
|   6|0x0000000084a00000, 0x0000000084b00000, 0x0000000084b00000|100%| O|  |TAMS 0x0000000084a00000| PB 0x0000000084b00000| Untracked 
|   7|0x0000000084b00000, 0x0000000084bfffd8, 0x0000000084c00000| 99%| O|  |TAMS 0x0000000084b00000| PB 0x0000000084bfffd8| Untracked 
|   8|0x0000000084c00000, 0x0000000084cffff0, 0x0000000084d00000| 99%| O|  |TAMS 0x0000000084c00000| PB 0x0000000084cffff0| Untracked 
|   9|0x0000000084d00000, 0x0000000084dffff0, 0x0000000084e00000| 99%| O|  |TAMS 0x0000000084d00000| PB 0x0000000084dffff0| Untracked 
|  10|0x0000000084e00000, 0x0000000084efffe8, 0x0000000084f00000| 99%| O|  |TAMS 0x0000000084e00000| PB 0x0000000084efffe8| Untracked 
|  11|0x0000000084f00000, 0x0000000085000000, 0x0000000085000000|100%| O|  |TAMS 0x0000000084f00000| PB 0x0000000085000000| Untracked 
|  12|0x0000000085000000, 0x00000000850fffc8, 0x0000000085100000| 99%| O|  |TAMS 0x0000000085000000| PB 0x00000000850fffc8| Untracked 
|  13|0x0000000085100000, 0x00000000851fffe8, 0x0000000085200000| 99%| O|  |TAMS 0x0000000085100000| PB 0x00000000851fffe8| Untracked 
|  14|0x0000000085200000, 0x00000000852fbf40, 0x0000000085300000| 98%| O|  |TAMS 0x0000000085200000| PB 0x00000000852fbf40| Untracked 
|  15|0x0000000085300000, 0x00000000853fded8, 0x0000000085400000| 99%| O|  |TAMS 0x0000000085300000| PB 0x00000000853fded8| Untracked 
|  16|0x0000000085400000, 0x00000000854ffbc8, 0x0000000085500000| 99%| O|  |TAMS 0x0000000085400000| PB 0x00000000854ffbc8| Untracked 
|  17|0x0000000085500000, 0x00000000855fff80, 0x0000000085600000| 99%| O|  |TAMS 0x0000000085500000| PB 0x00000000855fff80| Untracked 
|  18|0x0000000085600000, 0x00000000856fffe8, 0x0000000085700000| 99%| O|  |TAMS 0x0000000085600000| PB 0x00000000856fffe8| Untracked 
|  19|0x0000000085700000, 0x00000000857fffe8, 0x0000000085800000| 99%| O|  |TAMS 0x0000000085700000| PB 0x00000000857fffe8| Untracked 
|  20|0x0000000085800000, 0x00000000858fff08, 0x0000000085900000| 99%| O|  |TAMS 0x0000000085800000| PB 0x00000000858fff08| Untracked 
|  21|0x0000000085900000, 0x0000000085a00000, 0x0000000085a00000|100%| O|  |TAMS 0x0000000085900000| PB 0x0000000085a00000| Untracked 
|  22|0x0000000085a00000, 0x0000000085b00000, 0x0000000085b00000|100%| O|  |TAMS 0x0000000085a00000| PB 0x0000000085b00000| Untracked 
|  23|0x0000000085b00000, 0x0000000085bffff8, 0x0000000085c00000| 99%| O|  |TAMS 0x0000000085b00000| PB 0x0000000085bffff8| Untracked 
|  24|0x0000000085c00000, 0x0000000085cffff0, 0x0000000085d00000| 99%| O|  |TAMS 0x0000000085c00000| PB 0x0000000085cffff0| Untracked 
|  25|0x0000000085d00000, 0x0000000085e00000, 0x0000000085e00000|100%| O|  |TAMS 0x0000000085d00000| PB 0x0000000085e00000| Untracked 
|  26|0x0000000085e00000, 0x0000000085f00000, 0x0000000085f00000|100%| O|  |TAMS 0x0000000085e00000| PB 0x0000000085f00000| Untracked 
|  27|0x0000000085f00000, 0x0000000086000000, 0x0000000086000000|100%| O|  |TAMS 0x0000000085f00000| PB 0x0000000086000000| Untracked 
|  28|0x0000000086000000, 0x00000000860fedd8, 0x0000000086100000| 99%| O|  |TAMS 0x0000000086000000| PB 0x00000000860fedd8| Untracked 
|  29|0x0000000086100000, 0x0000000086200000, 0x0000000086200000|100%| O|  |TAMS 0x0000000086100000| PB 0x0000000086200000| Untracked 
|  30|0x0000000086200000, 0x00000000862ffe38, 0x0000000086300000| 99%| O|  |TAMS 0x0000000086200000| PB 0x00000000862ffe38| Untracked 
|  31|0x0000000086300000, 0x00000000863ffff8, 0x0000000086400000| 99%| O|  |TAMS 0x0000000086300000| PB 0x00000000863ffff8| Untracked 
|  32|0x0000000086400000, 0x00000000864a5a78, 0x0000000086500000| 64%| O|  |TAMS 0x0000000086400000| PB 0x00000000864a5a78| Untracked 
|  33|0x0000000086500000, 0x00000000865dca20, 0x0000000086600000| 86%| O|  |TAMS 0x0000000086500000| PB 0x00000000865dca20| Untracked 
|  34|0x0000000086600000, 0x000000008660a868, 0x0000000086700000|  4%| O|  |TAMS 0x0000000086600000| PB 0x000000008660a868| Untracked 
|  35|0x0000000086700000, 0x00000000867ffff8, 0x0000000086800000| 99%| O|  |TAMS 0x0000000086700000| PB 0x00000000867ffff8| Untracked 
|  36|0x0000000086800000, 0x000000008689c238, 0x0000000086900000| 60%| O|  |TAMS 0x0000000086800000| PB 0x000000008689c238| Untracked 
|  37|0x0000000086900000, 0x0000000086900000, 0x0000000086a00000|  0%| F|  |TAMS 0x0000000086900000| PB 0x0000000086900000| Untracked 
|  38|0x0000000086a00000, 0x0000000086a00000, 0x0000000086b00000|  0%| F|  |TAMS 0x0000000086a00000| PB 0x0000000086a00000| Untracked 
|  39|0x0000000086b00000, 0x0000000086b00000, 0x0000000086c00000|  0%| F|  |TAMS 0x0000000086b00000| PB 0x0000000086b00000| Untracked 
|  40|0x0000000086c00000, 0x0000000086c8e8a8, 0x0000000086d00000| 55%| O|  |TAMS 0x0000000086c00000| PB 0x0000000086c8e8a8| Untracked 
|  41|0x0000000086d00000, 0x0000000086d00000, 0x0000000086e00000|  0%| F|  |TAMS 0x0000000086d00000| PB 0x0000000086d00000| Untracked 
|  42|0x0000000086e00000, 0x0000000086e00000, 0x0000000086f00000|  0%| F|  |TAMS 0x0000000086e00000| PB 0x0000000086e00000| Untracked 
|  43|0x0000000086f00000, 0x0000000086f00000, 0x0000000087000000|  0%| F|  |TAMS 0x0000000086f00000| PB 0x0000000086f00000| Untracked 
|  44|0x0000000087000000, 0x0000000087000000, 0x0000000087100000|  0%| F|  |TAMS 0x0000000087000000| PB 0x0000000087000000| Untracked 
|  45|0x0000000087100000, 0x0000000087100000, 0x0000000087200000|  0%| F|  |TAMS 0x0000000087100000| PB 0x0000000087100000| Untracked 
|  46|0x0000000087200000, 0x00000000872ac3b0, 0x0000000087300000| 67%| S|  |TAMS 0x0000000087200000| PB 0x00000000872ac3b0| Complete 
|  47|0x0000000087300000, 0x0000000087400000, 0x0000000087400000|100%| S|  |TAMS 0x0000000087300000| PB 0x0000000087400000| Complete 
|  48|0x0000000087400000, 0x0000000087500000, 0x0000000087500000|100%| S|  |TAMS 0x0000000087400000| PB 0x0000000087500000| Complete 
|  49|0x0000000087500000, 0x0000000087600000, 0x0000000087600000|100%| S|  |TAMS 0x0000000087500000| PB 0x0000000087600000| Complete 
|  50|0x0000000087600000, 0x0000000087700000, 0x0000000087700000|100%| S|  |TAMS 0x0000000087600000| PB 0x0000000087700000| Complete 
|  51|0x0000000087700000, 0x0000000087800000, 0x0000000087800000|100%| S|  |TAMS 0x0000000087700000| PB 0x0000000087800000| Complete 
|  52|0x0000000087800000, 0x0000000087800000, 0x0000000087900000|  0%| F|  |TAMS 0x0000000087800000| PB 0x0000000087800000| Untracked 
|  53|0x0000000087900000, 0x0000000087900000, 0x0000000087a00000|  0%| F|  |TAMS 0x0000000087900000| PB 0x0000000087900000| Untracked 
|  54|0x0000000087a00000, 0x0000000087a00000, 0x0000000087b00000|  0%| F|  |TAMS 0x0000000087a00000| PB 0x0000000087a00000| Untracked 
|  55|0x0000000087b00000, 0x0000000087b00000, 0x0000000087c00000|  0%| F|  |TAMS 0x0000000087b00000| PB 0x0000000087b00000| Untracked 
|  56|0x0000000087c00000, 0x0000000087c00000, 0x0000000087d00000|  0%| F|  |TAMS 0x0000000087c00000| PB 0x0000000087c00000| Untracked 
|  57|0x0000000087d00000, 0x0000000087d00000, 0x0000000087e00000|  0%| F|  |TAMS 0x0000000087d00000| PB 0x0000000087d00000| Untracked 
|  58|0x0000000087e00000, 0x0000000087e00000, 0x0000000087f00000|  0%| F|  |TAMS 0x0000000087e00000| PB 0x0000000087e00000| Untracked 
|  59|0x0000000087f00000, 0x0000000087f00000, 0x0000000088000000|  0%| F|  |TAMS 0x0000000087f00000| PB 0x0000000087f00000| Untracked 
|  60|0x0000000088000000, 0x0000000088000000, 0x0000000088100000|  0%| F|  |TAMS 0x0000000088000000| PB 0x0000000088000000| Untracked 
|  61|0x0000000088100000, 0x0000000088100000, 0x0000000088200000|  0%| F|  |TAMS 0x0000000088100000| PB 0x0000000088100000| Untracked 
|  62|0x0000000088200000, 0x000000008827ca00, 0x0000000088300000| 48%| E|  |TAMS 0x0000000088200000| PB 0x000000008827ca00| Complete 
|  63|0x0000000088300000, 0x0000000088400000, 0x0000000088400000|100%| E|  |TAMS 0x0000000088300000| PB 0x0000000088400000| Complete 
|  64|0x0000000088400000, 0x0000000088500000, 0x0000000088500000|100%| E|  |TAMS 0x0000000088400000| PB 0x0000000088500000| Complete 
|  65|0x0000000088500000, 0x0000000088600000, 0x0000000088600000|100%| E|  |TAMS 0x0000000088500000| PB 0x0000000088600000| Complete 
|  66|0x0000000088600000, 0x0000000088700000, 0x0000000088700000|100%| E|  |TAMS 0x0000000088600000| PB 0x0000000088700000| Complete 
|  67|0x0000000088700000, 0x0000000088800000, 0x0000000088800000|100%| E|  |TAMS 0x0000000088700000| PB 0x0000000088800000| Complete 
|  68|0x0000000088800000, 0x0000000088900000, 0x0000000088900000|100%| E|  |TAMS 0x0000000088800000| PB 0x0000000088900000| Complete 
|  69|0x0000000088900000, 0x0000000088a00000, 0x0000000088a00000|100%| E|  |TAMS 0x0000000088900000| PB 0x0000000088a00000| Complete 
|  70|0x0000000088a00000, 0x0000000088b00000, 0x0000000088b00000|100%| E|  |TAMS 0x0000000088a00000| PB 0x0000000088b00000| Complete 
|  71|0x0000000088b00000, 0x0000000088c00000, 0x0000000088c00000|100%| E|  |TAMS 0x0000000088b00000| PB 0x0000000088c00000| Complete 
|  72|0x0000000088c00000, 0x0000000088d00000, 0x0000000088d00000|100%| E|  |TAMS 0x0000000088c00000| PB 0x0000000088d00000| Complete 
|  73|0x0000000088d00000, 0x0000000088e00000, 0x0000000088e00000|100%| E|  |TAMS 0x0000000088d00000| PB 0x0000000088e00000| Complete 
|  74|0x0000000088e00000, 0x0000000088f00000, 0x0000000088f00000|100%| E|  |TAMS 0x0000000088e00000| PB 0x0000000088f00000| Complete 
|  75|0x0000000088f00000, 0x0000000089000000, 0x0000000089000000|100%| E|  |TAMS 0x0000000088f00000| PB 0x0000000089000000| Complete 
|  76|0x0000000089000000, 0x0000000089100000, 0x0000000089100000|100%| E|  |TAMS 0x0000000089000000| PB 0x0000000089100000| Complete 
|  77|0x0000000089100000, 0x0000000089200000, 0x0000000089200000|100%| E|  |TAMS 0x0000000089100000| PB 0x0000000089200000| Complete 
|  78|0x0000000089200000, 0x0000000089300000, 0x0000000089300000|100%| E|  |TAMS 0x0000000089200000| PB 0x0000000089300000| Complete 
|  79|0x0000000089300000, 0x0000000089400000, 0x0000000089400000|100%| E|  |TAMS 0x0000000089300000| PB 0x0000000089400000| Complete 
|  80|0x0000000089400000, 0x0000000089500000, 0x0000000089500000|100%| E|  |TAMS 0x0000000089400000| PB 0x0000000089500000| Complete 
|  81|0x0000000089500000, 0x0000000089600000, 0x0000000089600000|100%| E|  |TAMS 0x0000000089500000| PB 0x0000000089600000| Complete 
|  82|0x0000000089600000, 0x0000000089700000, 0x0000000089700000|100%| E|  |TAMS 0x0000000089600000| PB 0x0000000089700000| Complete 
|  83|0x0000000089700000, 0x0000000089800000, 0x0000000089800000|100%| E|  |TAMS 0x0000000089700000| PB 0x0000000089800000| Complete 
|  84|0x0000000089800000, 0x0000000089900000, 0x0000000089900000|100%| E|  |TAMS 0x0000000089800000| PB 0x0000000089900000| Complete 
|  85|0x0000000089900000, 0x0000000089a00000, 0x0000000089a00000|100%| E|  |TAMS 0x0000000089900000| PB 0x0000000089a00000| Complete 
|  86|0x0000000089a00000, 0x0000000089b00000, 0x0000000089b00000|100%| E|  |TAMS 0x0000000089a00000| PB 0x0000000089b00000| Complete 
|  87|0x0000000089b00000, 0x0000000089c00000, 0x0000000089c00000|100%| E|  |TAMS 0x0000000089b00000| PB 0x0000000089c00000| Complete 
|  88|0x0000000089c00000, 0x0000000089d00000, 0x0000000089d00000|100%| E|  |TAMS 0x0000000089c00000| PB 0x0000000089d00000| Complete 
|  89|0x0000000089d00000, 0x0000000089e00000, 0x0000000089e00000|100%| E|  |TAMS 0x0000000089d00000| PB 0x0000000089e00000| Complete 
|  90|0x0000000089e00000, 0x0000000089f00000, 0x0000000089f00000|100%| E|  |TAMS 0x0000000089e00000| PB 0x0000000089f00000| Complete 
|  91|0x0000000089f00000, 0x000000008a000000, 0x000000008a000000|100%| E|  |TAMS 0x0000000089f00000| PB 0x000000008a000000| Complete 
|  92|0x000000008a000000, 0x000000008a100000, 0x000000008a100000|100%| E|  |TAMS 0x000000008a000000| PB 0x000000008a100000| Complete 
|  93|0x000000008a100000, 0x000000008a200000, 0x000000008a200000|100%| E|  |TAMS 0x000000008a100000| PB 0x000000008a200000| Complete 
|  94|0x000000008a200000, 0x000000008a300000, 0x000000008a300000|100%| E|  |TAMS 0x000000008a200000| PB 0x000000008a300000| Complete 
|  95|0x000000008a300000, 0x000000008a400000, 0x000000008a400000|100%| E|  |TAMS 0x000000008a300000| PB 0x000000008a400000| Complete 
|  96|0x000000008a400000, 0x000000008a500000, 0x000000008a500000|100%| E|  |TAMS 0x000000008a400000| PB 0x000000008a500000| Complete 
|  97|0x000000008a500000, 0x000000008a600000, 0x000000008a600000|100%| E|  |TAMS 0x000000008a500000| PB 0x000000008a600000| Complete 
|  98|0x000000008a600000, 0x000000008a700000, 0x000000008a700000|100%| E|  |TAMS 0x000000008a600000| PB 0x000000008a700000| Complete 
|  99|0x000000008a700000, 0x000000008a800000, 0x000000008a800000|100%| E|  |TAMS 0x000000008a700000| PB 0x000000008a800000| Complete 
| 100|0x000000008a800000, 0x000000008a900000, 0x000000008a900000|100%| E|  |TAMS 0x000000008a800000| PB 0x000000008a900000| Complete 
| 101|0x000000008a900000, 0x000000008aa00000, 0x000000008aa00000|100%| E|  |TAMS 0x000000008a900000| PB 0x000000008aa00000| Complete 
| 102|0x000000008aa00000, 0x000000008ab00000, 0x000000008ab00000|100%| E|  |TAMS 0x000000008aa00000| PB 0x000000008ab00000| Complete 
| 103|0x000000008ab00000, 0x000000008ac00000, 0x000000008ac00000|100%| E|  |TAMS 0x000000008ab00000| PB 0x000000008ac00000| Complete 
| 104|0x000000008ac00000, 0x000000008ad00000, 0x000000008ad00000|100%| E|  |TAMS 0x000000008ac00000| PB 0x000000008ad00000| Complete 
| 122|0x000000008be00000, 0x000000008bf00000, 0x000000008bf00000|100%| E|  |TAMS 0x000000008be00000| PB 0x000000008bf00000| Complete 
| 123|0x000000008bf00000, 0x000000008c000000, 0x000000008c000000|100%| E|  |TAMS 0x000000008bf00000| PB 0x000000008c000000| Complete 

Card table byte_map: [0x000001ffd9300000,0x000001ffd96e0000] _byte_map_base: 0x000001ffd8ede000

Marking Bits: (CMBitMap*) 0x000001ffd24d62a0
 Bits: [0x000001ffd96e0000, 0x000001ffdb5d0000)

Polling page: 0x000001ffd02a0000

Metaspace:

Usage:
  Non-class:     67.56 MB used.
      Class:     10.91 MB used.
       Both:     78.46 MB used.

Virtual space:
  Non-class space:      128.00 MB reserved,      68.00 MB ( 53%) committed,  2 nodes.
      Class space:        1.00 GB reserved,      11.25 MB (  1%) committed,  1 nodes.
             Both:        1.12 GB reserved,      79.25 MB (  7%) committed. 

Chunk freelists:
   Non-Class:  11.21 MB
       Class:  4.71 MB
        Both:  15.91 MB

MaxMetaspaceSize: unlimited
CompressedClassSpaceSize: 1.00 GB
Initial GC threshold: 21.00 MB
Current GC threshold: 131.06 MB
CDS: on
 - commit_granule_bytes: 65536.
 - commit_granule_words: 8192.
 - virtual_space_node_default_size: 8388608.
 - enlarge_chunks_in_place: 1.
 - use_allocation_guard: 0.


Internal statistics:

num_allocs_failed_limit: 6.
num_arena_births: 2110.
num_arena_deaths: 976.
num_vsnodes_births: 3.
num_vsnodes_deaths: 0.
num_space_committed: 1268.
num_space_uncommitted: 0.
num_chunks_returned_to_freelist: 1157.
num_chunks_taken_from_freelist: 5422.
num_chunk_merges: 237.
num_chunk_splits: 3312.
num_chunks_enlarged: 2393.
num_inconsistent_stats: 0.

CodeCache: size=49152Kb used=17505Kb max_used=17993Kb free=31646Kb
 bounds [0x000001ffd5e10000, 0x000001ffd6fe0000, 0x000001ffd8e10000]
 total_blobs=9517 nmethods=8755 adapters=685
 compilation: enabled
              stopped_count=0, restarted_count=0
 full_count=0

Compilation events (20 events):
Event: 1855.678 Thread 0x000001ffde03abb0 10553       1       org.apache.hc.core5.http.message.BasicHttpRequest::setAbsoluteRequestUri (6 bytes)
Event: 1855.678 Thread 0x000001ffde03abb0 nmethod 10553 0x000001ffd6ef1c10 code [0x000001ffd6ef1da0, 0x000001ffd6ef1e70]
Event: 1855.678 Thread 0x000001ffde03abb0 10554       1       org.apache.hc.client5.http.protocol.HttpClientContext::setRedirectLocations (6 bytes)
Event: 1855.678 Thread 0x000001ffde03abb0 nmethod 10554 0x000001ffd6ef1910 code [0x000001ffd6ef1aa0, 0x000001ffd6ef1bb0]
Event: 1855.678 Thread 0x000001ffde03abb0 10555       1       org.apache.hc.core5.pool.StrictConnPool$LeaseRequest::getState (5 bytes)
Event: 1855.678 Thread 0x000001ffde03abb0 nmethod 10555 0x000001ffd6ef1610 code [0x000001ffd6ef17a0, 0x000001ffd6ef1868]
Event: 1855.678 Thread 0x000001ffde03abb0 10557       1       org.apache.hc.core5.http.impl.BasicHttpTransportMetrics::incrementBytesTransferred (10 bytes)
Event: 1855.678 Thread 0x000001ffde03abb0 nmethod 10557 0x000001ffd6ef1310 code [0x000001ffd6ef14a0, 0x000001ffd6ef1578]
Event: 1855.681 Thread 0x000001ffde03abb0 10558       1       org.apache.hc.core5.http.config.Http1Config::getMaxHeaderCount (5 bytes)
Event: 1855.681 Thread 0x000001ffde03abb0 nmethod 10558 0x000001ffd6ef1010 code [0x000001ffd6ef11a0, 0x000001ffd6ef1268]
Event: 1855.681 Thread 0x000001ffde03abb0 10559       1       org.apache.hc.core5.http.protocol.HttpCoreContext::getSSLSession (5 bytes)
Event: 1855.681 Thread 0x000001ffde03abb0 nmethod 10559 0x000001ffd6ef0d10 code [0x000001ffd6ef0ea0, 0x000001ffd6ef0f68]
Event: 1855.681 Thread 0x000001ffde03abb0 10560       1       org.springframework.util.MultiValueMapAdapter::entrySet (10 bytes)
Event: 1855.681 Thread 0x000001ffde03abb0 nmethod 10560 0x000001ffd6ef0990 code [0x000001ffd6ef0b40, 0x000001ffd6ef0c40]
Event: 1855.683 Thread 0x000001ffde03abb0 10561       1       org.springframework.util.ConcurrentReferenceHashMap$EntryIterator::moveToNextSegment (55 bytes)
Event: 1855.684 Thread 0x000001ffde03abb0 nmethod 10561 0x000001ffd6ef0510 code [0x000001ffd6ef06c0, 0x000001ffd6ef0888]
Event: 1855.695 Thread 0x000001ffde03abb0 10562       1       org.apache.catalina.ContainerEvent::getType (5 bytes)
Event: 1855.695 Thread 0x000001ffde03abb0 nmethod 10562 0x000001ffd6ef0210 code [0x000001ffd6ef03a0, 0x000001ffd6ef0468]
Event: 1855.718 Thread 0x000001ffde03abb0 10564       1       java.lang.Thread::threadContainer (5 bytes)
Event: 1855.718 Thread 0x000001ffde03abb0 nmethod 10564 0x000001ffd6eefb10 code [0x000001ffd6eefca0, 0x000001ffd6eefd68]

GC Heap History (20 events):
Event: 8.753 GC heap after
{Heap after GC invocations=22 (full 0):
 garbage-first heap   total 109568K, used 42456K [0x0000000084400000, 0x0000000100000000)
  region size 1024K, 7 young (7168K), 7 survivors (7168K)
 Metaspace       used 68893K, committed 69632K, reserved 1114112K
  class space    used 9625K, committed 9984K, reserved 1048576K
}
Event: 9.533 GC heap before
{Heap before GC invocations=22 (full 0):
 garbage-first heap   total 109568K, used 94680K [0x0000000084400000, 0x0000000100000000)
  region size 1024K, 59 young (60416K), 7 survivors (7168K)
 Metaspace       used 73148K, committed 73920K, reserved 1114112K
  class space    used 10228K, committed 10560K, reserved 1048576K
}
Event: 9.542 GC heap after
{Heap after GC invocations=23 (full 0):
 garbage-first heap   total 109568K, used 45422K [0x0000000084400000, 0x0000000100000000)
  region size 1024K, 7 young (7168K), 7 survivors (7168K)
 Metaspace       used 73148K, committed 73920K, reserved 1114112K
  class space    used 10228K, committed 10560K, reserved 1048576K
}
Event: 112.677 GC heap before
{Heap before GC invocations=23 (full 0):
 garbage-first heap   total 109568K, used 94574K [0x0000000084400000, 0x0000000100000000)
  region size 1024K, 56 young (57344K), 7 survivors (7168K)
 Metaspace       used 78055K, committed 78912K, reserved 1179648K
  class space    used 10903K, committed 11264K, reserved 1048576K
}
Event: 112.729 GC heap after
{Heap after GC invocations=24 (full 0):
 garbage-first heap   total 109568K, used 48794K [0x0000000084400000, 0x0000000100000000)
  region size 1024K, 7 young (7168K), 7 survivors (7168K)
 Metaspace       used 78055K, committed 78912K, reserved 1179648K
  class space    used 10903K, committed 11264K, reserved 1048576K
}
Event: 1135.756 GC heap before
{Heap before GC invocations=25 (full 0):
 garbage-first heap   total 109568K, used 88730K [0x0000000084400000, 0x0000000100000000)
  region size 1024K, 48 young (49152K), 7 survivors (7168K)
 Metaspace       used 79299K, committed 80000K, reserved 1179648K
  class space    used 11065K, committed 11392K, reserved 1048576K
}
Event: 1136.082 GC heap after
{Heap after GC invocations=26 (full 1):
 garbage-first heap   total 109568K, used 34033K [0x0000000084400000, 0x0000000100000000)
  region size 1024K, 0 young (0K), 0 survivors (0K)
 Metaspace       used 79160K, committed 80000K, reserved 1179648K
  class space    used 11029K, committed 11392K, reserved 1048576K
}
Event: 1137.748 GC heap before
{Heap before GC invocations=26 (full 1):
 garbage-first heap   total 109568K, used 96497K [0x0000000084400000, 0x0000000100000000)
  region size 1024K, 61 young (62464K), 0 survivors (0K)
 Metaspace       used 79339K, committed 80064K, reserved 1179648K
  class space    used 11073K, committed 11392K, reserved 1048576K
}
Event: 1137.762 GC heap after
{Heap after GC invocations=27 (full 1):
 garbage-first heap   total 109568K, used 40311K [0x0000000084400000, 0x0000000100000000)
  region size 1024K, 7 young (7168K), 7 survivors (7168K)
 Metaspace       used 79339K, committed 80064K, reserved 1179648K
  class space    used 11073K, committed 11392K, reserved 1048576K
}
Event: 1224.243 GC heap before
{Heap before GC invocations=27 (full 1):
 garbage-first heap   total 109568K, used 77175K [0x0000000084400000, 0x0000000100000000)
  region size 1024K, 44 young (45056K), 7 survivors (7168K)
 Metaspace       used 79747K, committed 80512K, reserved 1179648K
  class space    used 11127K, committed 11456K, reserved 1048576K
}
Event: 1224.654 GC heap after
{Heap after GC invocations=28 (full 2):
 garbage-first heap   total 109568K, used 38206K [0x0000000084400000, 0x0000000100000000)
  region size 1024K, 0 young (0K), 0 survivors (0K)
 Metaspace       used 79630K, committed 80512K, reserved 1179648K
  class space    used 11098K, committed 11456K, reserved 1048576K
}
Event: 1225.987 GC heap before
{Heap before GC invocations=28 (full 2):
 garbage-first heap   total 109568K, used 85310K [0x0000000084400000, 0x0000000100000000)
  region size 1024K, 48 young (49152K), 0 survivors (0K)
 Metaspace       used 79667K, committed 80512K, reserved 1179648K
  class space    used 11104K, committed 11456K, reserved 1048576K
}
Event: 1225.999 GC heap after
{Heap after GC invocations=29 (full 2):
 garbage-first heap   total 109568K, used 43068K [0x0000000084400000, 0x0000000100000000)
  region size 1024K, 5 young (5120K), 5 survivors (5120K)
 Metaspace       used 79667K, committed 80512K, reserved 1179648K
  class space    used 11104K, committed 11456K, reserved 1048576K
}
Event: 1620.159 GC heap before
{Heap before GC invocations=30 (full 2):
 garbage-first heap   total 109568K, used 95292K [0x0000000084400000, 0x0000000100000000)
  region size 1024K, 55 young (56320K), 5 survivors (5120K)
 Metaspace       used 79872K, committed 80640K, reserved 1179648K
  class space    used 11105K, committed 11456K, reserved 1048576K
}
Event: 1620.281 GC heap after
{Heap after GC invocations=31 (full 2):
 garbage-first heap   total 109568K, used 46197K [0x0000000084400000, 0x0000000100000000)
  region size 1024K, 6 young (6144K), 6 survivors (6144K)
 Metaspace       used 79872K, committed 80640K, reserved 1179648K
  class space    used 11105K, committed 11456K, reserved 1048576K
}
Event: 1650.987 GC heap before
{Heap before GC invocations=31 (full 2):
 garbage-first heap   total 109568K, used 48245K [0x0000000084400000, 0x0000000100000000)
  region size 1024K, 9 young (9216K), 6 survivors (6144K)
 Metaspace       used 79892K, committed 80640K, reserved 1179648K
  class space    used 11106K, committed 11456K, reserved 1048576K
}
Event: 1651.389 GC heap after
{Heap after GC invocations=32 (full 3):
 garbage-first heap   total 109568K, used 36503K [0x0000000084400000, 0x0000000100000000)
  region size 1024K, 0 young (0K), 0 survivors (0K)
 Metaspace       used 79745K, committed 80640K, reserved 1179648K
  class space    used 11071K, committed 11456K, reserved 1048576K
}
Event: 1653.767 GC heap before
{Heap before GC invocations=32 (full 3):
 garbage-first heap   total 109568K, used 92823K [0x0000000084400000, 0x0000000100000000)
  region size 1024K, 55 young (56320K), 0 survivors (0K)
 Metaspace       used 79897K, committed 80704K, reserved 1179648K
  class space    used 11107K, committed 11456K, reserved 1048576K
}
Event: 1653.775 GC heap after
{Heap after GC invocations=33 (full 3):
 garbage-first heap   total 109568K, used 42312K [0x0000000084400000, 0x0000000100000000)
  region size 1024K, 6 young (6144K), 6 survivors (6144K)
 Metaspace       used 79897K, committed 80704K, reserved 1179648K
  class space    used 11107K, committed 11456K, reserved 1048576K
}
Event: 1855.720 GC heap before
{Heap before GC invocations=33 (full 3):
 garbage-first heap   total 109568K, used 87368K [0x0000000084400000, 0x0000000100000000)
  region size 1024K, 51 young (52224K), 6 survivors (6144K)
 Metaspace       used 80345K, committed 81152K, reserved 1179648K
  class space    used 11168K, committed 11520K, reserved 1048576K
}

Dll operation events (12 events):
Event: 0.010 Loaded shared library C:\Users\dell\.p2\pool\plugins\org.eclipse.justj.openjdk.hotspot.jre.full.win32.x86_64_21.0.7.v20250502-0916\jre\bin\java.dll
Event: 0.041 Loaded shared library C:\Users\dell\.p2\pool\plugins\org.eclipse.justj.openjdk.hotspot.jre.full.win32.x86_64_21.0.7.v20250502-0916\jre\bin\zip.dll
Event: 0.223 Loaded shared library C:\Users\dell\.p2\pool\plugins\org.eclipse.justj.openjdk.hotspot.jre.full.win32.x86_64_21.0.7.v20250502-0916\jre\bin\instrument.dll
Event: 0.230 Loaded shared library C:\Users\dell\.p2\pool\plugins\org.eclipse.justj.openjdk.hotspot.jre.full.win32.x86_64_21.0.7.v20250502-0916\jre\bin\net.dll
Event: 0.231 Loaded shared library C:\Users\dell\.p2\pool\plugins\org.eclipse.justj.openjdk.hotspot.jre.full.win32.x86_64_21.0.7.v20250502-0916\jre\bin\nio.dll
Event: 0.235 Loaded shared library C:\Users\dell\.p2\pool\plugins\org.eclipse.justj.openjdk.hotspot.jre.full.win32.x86_64_21.0.7.v20250502-0916\jre\bin\zip.dll
Event: 0.400 Loaded shared library C:\Users\dell\.p2\pool\plugins\org.eclipse.justj.openjdk.hotspot.jre.full.win32.x86_64_21.0.7.v20250502-0916\jre\bin\jimage.dll
Event: 0.449 Loaded shared library C:\Users\dell\.p2\pool\plugins\org.eclipse.justj.openjdk.hotspot.jre.full.win32.x86_64_21.0.7.v20250502-0916\jre\bin\management.dll
Event: 0.459 Loaded shared library C:\Users\dell\.p2\pool\plugins\org.eclipse.justj.openjdk.hotspot.jre.full.win32.x86_64_21.0.7.v20250502-0916\jre\bin\management_ext.dll
Event: 0.709 Loaded shared library C:\Users\dell\.p2\pool\plugins\org.eclipse.justj.openjdk.hotspot.jre.full.win32.x86_64_21.0.7.v20250502-0916\jre\bin\extnet.dll
Event: 0.741 Loaded shared library C:\Users\dell\.p2\pool\plugins\org.eclipse.justj.openjdk.hotspot.jre.full.win32.x86_64_21.0.7.v20250502-0916\jre\bin\verify.dll
Event: 2.061 Loaded shared library C:\Users\dell\.p2\pool\plugins\org.eclipse.justj.openjdk.hotspot.jre.full.win32.x86_64_21.0.7.v20250502-0916\jre\bin\sunmscapi.dll

Deoptimization events (20 events):
Event: 1855.713 Thread 0x000001ffe5e69000 DEOPT PACKING pc=0x000001ffd663e094 sp=0x00000034117fc210
Event: 1855.713 Thread 0x000001ffe5e69000 DEOPT UNPACKING pc=0x000001ffd5e688e2 sp=0x00000034117fb7d0 mode 1
Event: 1855.718 Thread 0x000001ffe3276220 DEOPT PACKING pc=0x000001ffd603f8e4 sp=0x000000340f4fec80
Event: 1855.718 Thread 0x000001ffe3276220 DEOPT UNPACKING pc=0x000001ffd5e688e2 sp=0x000000340f4fe210 mode 1
Event: 1855.718 Thread 0x000001ffe3276220 DEOPT PACKING pc=0x000001ffd5f8f56c sp=0x000000340f4fee10
Event: 1855.718 Thread 0x000001ffe3276220 DEOPT UNPACKING pc=0x000001ffd5e688e2 sp=0x000000340f4fe368 mode 1
Event: 1855.718 Thread 0x000001ffe3276220 DEOPT PACKING pc=0x000001ffd5f8ed8c sp=0x000000340f4fef40
Event: 1855.718 Thread 0x000001ffe3276220 DEOPT UNPACKING pc=0x000001ffd5e688e2 sp=0x000000340f4fe3d0 mode 1
Event: 1855.718 Thread 0x000001ffe3276220 DEOPT PACKING pc=0x000001ffd5f94394 sp=0x000000340f4fef70
Event: 1855.718 Thread 0x000001ffe3276220 DEOPT UNPACKING pc=0x000001ffd5e688e2 sp=0x000000340f4fe470 mode 1
Event: 1855.718 Thread 0x000001ffe3274150 DEOPT PACKING pc=0x000001ffd6644424 sp=0x000000340f5ff270
Event: 1855.718 Thread 0x000001ffe3274150 DEOPT UNPACKING pc=0x000001ffd5e688e2 sp=0x000000340f5fe810 mode 1
Event: 1855.718 Thread 0x000001ffe3274150 DEOPT PACKING pc=0x000001ffd5f8f4c4 sp=0x000000340f5ff3e0
Event: 1855.718 Thread 0x000001ffe3274150 DEOPT UNPACKING pc=0x000001ffd5e688e2 sp=0x000000340f5fe938 mode 1
Event: 1855.718 Thread 0x000001ffe3274150 DEOPT PACKING pc=0x000001ffd5f8ed8c sp=0x000000340f5ff510
Event: 1855.718 Thread 0x000001ffe3274150 DEOPT UNPACKING pc=0x000001ffd5e688e2 sp=0x000000340f5fe9a0 mode 1
Event: 1855.718 Thread 0x000001ffe3274150 DEOPT PACKING pc=0x000001ffd5f94394 sp=0x000000340f5ff540
Event: 1855.718 Thread 0x000001ffe3274150 DEOPT UNPACKING pc=0x000001ffd5e688e2 sp=0x000000340f5fea40 mode 1
Event: 1855.719 Thread 0x000001ffe3277c60 DEOPT PACKING pc=0x000001ffd610ea34 sp=0x0000003410bfef20
Event: 1855.719 Thread 0x000001ffe3277c60 DEOPT UNPACKING pc=0x000001ffd5e688e2 sp=0x0000003410bfe408 mode 1

Classes loaded (20 events):
Event: 1132.618 Loading class sun/net/ConnectionResetException
Event: 1132.620 Loading class sun/net/ConnectionResetException done
Event: 1135.733 Loading class java/util/WeakHashMap$KeyIterator
Event: 1135.738 Loading class java/util/WeakHashMap$HashIterator
Event: 1135.740 Loading class java/util/WeakHashMap$HashIterator done
Event: 1135.740 Loading class java/util/WeakHashMap$KeyIterator done
Event: 1136.083 Loading class java/lang/ref/Finalizer$2
Event: 1136.084 Loading class java/lang/ref/Finalizer$2 done
Event: 1136.091 Loading class java/lang/ref/Finalizer$1
Event: 1136.094 Loading class java/lang/ref/Finalizer$1 done
Event: 1137.123 Loading class java/util/WeakHashMap$EntrySet
Event: 1137.124 Loading class java/util/WeakHashMap$EntrySet done
Event: 1137.124 Loading class java/util/WeakHashMap$EntryIterator
Event: 1137.124 Loading class java/util/WeakHashMap$EntryIterator done
Event: 1137.981 Loading class java/time/DurationEditor
Event: 1137.981 Loading class java/time/DurationEditor done
Event: 1226.683 Loading class java/time/DurationEditor
Event: 1226.685 Loading class java/time/DurationEditor done
Event: 1654.404 Loading class java/time/DurationEditor
Event: 1654.406 Loading class java/time/DurationEditor done

Classes unloaded (20 events):
Event: 1651.063 Thread 0x000001ffddfefa00 Unloading class 0x000001ff810c9000 'java/lang/invoke/LambdaForm$MH+0x000001ff810c9000'
Event: 1651.063 Thread 0x000001ffddfefa00 Unloading class 0x000001ff810c2c00 'java/lang/invoke/LambdaForm$MH+0x000001ff810c2c00'
Event: 1651.063 Thread 0x000001ffddfefa00 Unloading class 0x000001ff81003800 'java/lang/invoke/LambdaForm$MH+0x000001ff81003800'
Event: 1651.063 Thread 0x000001ffddfefa00 Unloading class 0x000001ff81b08400 'java/lang/invoke/LambdaForm$BMH+0x000001ff81b08400'
Event: 1651.063 Thread 0x000001ffddfefa00 Unloading class 0x000001ff81b34c00 'java/lang/invoke/LambdaForm$MH+0x000001ff81b34c00'
Event: 1651.063 Thread 0x000001ffddfefa00 Unloading class 0x000001ff81b35400 'java/lang/invoke/LambdaForm$MH+0x000001ff81b35400'
Event: 1651.063 Thread 0x000001ffddfefa00 Unloading class 0x000001ff81b36000 'java/lang/invoke/LambdaForm$MH+0x000001ff81b36000'
Event: 1651.063 Thread 0x000001ffddfefa00 Unloading class 0x000001ff81b36800 'java/lang/invoke/LambdaForm$MH+0x000001ff81b36800'
Event: 1651.063 Thread 0x000001ffddfefa00 Unloading class 0x000001ff81b37400 'java/lang/invoke/LambdaForm$MH+0x000001ff81b37400'
Event: 1651.063 Thread 0x000001ffddfefa00 Unloading class 0x000001ff81b38800 'java/lang/invoke/LambdaForm$MH+0x000001ff81b38800'
Event: 1651.063 Thread 0x000001ffddfefa00 Unloading class 0x000001ff8119c000 'java/lang/invoke/LambdaForm$DMH+0x000001ff8119c000'
Event: 1651.063 Thread 0x000001ffddfefa00 Unloading class 0x000001ff81112800 'java/lang/invoke/LambdaForm$MH+0x000001ff81112800'
Event: 1651.063 Thread 0x000001ffddfefa00 Unloading class 0x000001ff81438800 'java/lang/invoke/LambdaForm$DMH+0x000001ff81438800'
Event: 1651.063 Thread 0x000001ffddfefa00 Unloading class 0x000001ff81a78400 'java/lang/invoke/LambdaForm$MH+0x000001ff81a78400'
Event: 1651.063 Thread 0x000001ffddfefa00 Unloading class 0x000001ff81a8ec00 'java/lang/invoke/LambdaForm$DMH+0x000001ff81a8ec00'
Event: 1651.063 Thread 0x000001ffddfefa00 Unloading class 0x000001ff81a8f400 'java/lang/invoke/LambdaForm$DMH+0x000001ff81a8f400'
Event: 1651.063 Thread 0x000001ffddfefa00 Unloading class 0x000001ff814d8400 'java/lang/invoke/LambdaForm$MH+0x000001ff814d8400'
Event: 1651.063 Thread 0x000001ffddfefa00 Unloading class 0x000001ff8146cc00 'java/lang/invoke/LambdaForm$MH+0x000001ff8146cc00'
Event: 1651.064 Thread 0x000001ffddfefa00 Unloading class 0x000001ff81438400 'java/lang/invoke/LambdaForm$MH+0x000001ff81438400'
Event: 1651.064 Thread 0x000001ffddfefa00 Unloading class 0x000001ff81431c00 'java/lang/invoke/LambdaForm$MH+0x000001ff81431c00'

Classes redefined (0 events):
No events

Internal exceptions (20 events):
Event: 1653.212 Thread 0x000001ffe3275b90 Exception <a 'java/lang/NoClassDefFoundError'{0x0000000088a57b70}: liquibase/integration/spring/SpringLiquibase> (0x0000000088a57b70) 
thrown [s\src\hotspot\share\oops\constantPool.cpp, line 873]
Event: 1653.220 Thread 0x000001ffe3275b90 Exception <a 'java/lang/NoClassDefFoundError'{0x0000000088a8cc38}: org/jooq/DSLContext> (0x0000000088a8cc38) 
thrown [s\src\hotspot\share\oops\constantPool.cpp, line 873]
Event: 1653.231 Thread 0x000001ffe3275b90 Exception <a 'java/lang/NoClassDefFoundError'{0x0000000088af9df8}: org/springframework/batch/core/repository/JobRepository> (0x0000000088af9df8) 
thrown [s\src\hotspot\share\oops\constantPool.cpp, line 873]
Event: 1653.233 Thread 0x000001ffe3275b90 Exception <a 'java/lang/NoClassDefFoundError'{0x0000000088afa450}: org/quartz/Scheduler> (0x0000000088afa450) 
thrown [s\src\hotspot\share\oops\constantPool.cpp, line 873]
Event: 1653.235 Thread 0x000001ffe3275b90 Exception <a 'java/lang/NoClassDefFoundError'{0x0000000088afaad0}: org/springframework/session/jdbc/JdbcIndexedSessionRepository> (0x0000000088afaad0) 
thrown [s\src\hotspot\share\oops\constantPool.cpp, line 873]
Event: 1653.260 Thread 0x000001ffe3275b90 Exception <a 'java/lang/NoSuchMethodError'{0x00000000889a31f8}: 'void java.lang.invoke.DelegatingMethodHandle$Holder.reinvoke_L(java.lang.Object, java.lang.Object, int)'> (0x00000000889a31f8) 
thrown [s\src\hotspot\share\interpreter\linkResolver.cpp, line 773]
Event: 1653.529 Thread 0x000001ffe3275b90 Exception <a 'java/lang/NoSuchMethodError'{0x0000000087e66ac0}: 'int java.lang.invoke.DirectMethodHandle$Holder.invokeVirtual(java.lang.Object, java.lang.Object, java.lang.Object, java.lang.Object)'> (0x0000000087e66ac0) 
thrown [s\src\hotspot\share\interpreter\linkResolver.cpp, line 773]
Event: 1653.529 Thread 0x000001ffe3275b90 Exception <a 'java/lang/NoSuchMethodError'{0x0000000087e6a0d0}: 'int java.lang.invoke.DelegatingMethodHandle$Holder.reinvoke_L(java.lang.Object, java.lang.Object, java.lang.Object, java.lang.Object)'> (0x0000000087e6a0d0) 
thrown [s\src\hotspot\share\interpreter\linkResolver.cpp, line 773]
Event: 1653.542 Thread 0x000001ffe3275b90 Exception <a 'java/io/FileNotFoundException'{0x0000000087ebc600}> (0x0000000087ebc600) 
thrown [s\src\hotspot\share\prims\jni.cpp, line 520]
Event: 1653.650 Thread 0x000001ffe3275b90 Exception <a 'java/io/FileNotFoundException'{0x0000000087bda390}> (0x0000000087bda390) 
thrown [s\src\hotspot\share\prims\jni.cpp, line 520]
Event: 1654.333 Thread 0x000001ffe3275b90 Exception <a 'java/lang/NoSuchMethodError'{0x000000008a08b508}: 'void java.lang.invoke.DelegatingMethodHandle$Holder.reinvoke_L(java.lang.Object, java.lang.Object, int, java.lang.Object)'> (0x000000008a08b508) 
thrown [s\src\hotspot\share\interpreter\linkResolver.cpp, line 773]
Event: 1654.708 Thread 0x000001ffe3275b90 Exception <a 'java/net/BindException'{0x000000008928dbd8}: Address already in use: bind> (0x000000008928dbd8) 
thrown [s\src\hotspot\share\prims\jni.cpp, line 539]
Event: 1654.954 Thread 0x000001ffe3275b90 Exception <a 'java/lang/NoSuchMethodError'{0x0000000088bc1670}: 'java.lang.Object java.lang.invoke.DelegatingMethodHandle$Holder.reinvoke_L(java.lang.Object, int, int, long, java.lang.Object, long, long, long)'> (0x0000000088bc1670) 
thrown [s\src\hotspot\share\interpreter\linkResolver.cpp, line 773]
Event: 1654.956 Thread 0x000001ffe3275b90 Exception <a 'java/lang/NoSuchMethodError'{0x0000000088bd7b28}: 'java.lang.Object java.lang.invoke.DelegatingMethodHandle$Holder.reinvoke_L(java.lang.Object, java.lang.Object, java.lang.Object, java.lang.Object, java.lang.Object, java.lang.Object, java.lang.Object, java.lang.Object, java.lang.Object, java.lang.Object, java.lang.Object, java.lang.Object, java.lang.Object, java.lang.Object, int, java.lang.Object, java.lang.Object, java.lang.Object, java.lang.Object, java.lang.Object, java.lang.Object, java.l
Event: 1654.959 Thread 0x000001ffe3275b90 Exception <a 'java/lang/NoSuchMethodError'{0x0000000088a29f30}: 'java.lang.Object java.lang.invoke.DelegatingMethodHandle$Holder.reinvoke_L(java.lang.Object, java.lang.Object, java.lang.Object, java.lang.Object, java.lang.Object, java.lang.Object, java.lang.Object, java.lang.Object, java.lang.Object, java.lang.Object, java.lang.Object, java.lang.Object, java.lang.Object, java.lang.Object, java.lang.Object, java.lang.Object, java.lang.Object, java.lang.Object, java.lang.Object, java.lang.Object, java.lang.O
Event: 1654.984 Thread 0x000001ffe327aa50 Exception <a 'java/lang/NoSuchMethodError'{0x0000000088889d18}: 'long java.lang.invoke.DelegatingMethodHandle$Holder.reinvoke_L(java.lang.Object, java.lang.Object)'> (0x0000000088889d18) 
thrown [s\src\hotspot\share\interpreter\linkResolver.cpp, line 773]
Event: 1801.166 Thread 0x000001ffe3275500 Exception <a 'java/lang/NoSuchMethodError'{0x000000008844d3a8}: static [B.<clinit>()V> (0x000000008844d3a8) 
thrown [s\src\hotspot\share\prims\jni.cpp, line 1111]
Event: 1852.658 Thread 0x000001ffe5e63ab0 Exception <a 'java/io/IOException'{0x00000000882415c0}> (0x00000000882415c0) 
thrown [s\src\hotspot\share\prims\jni.cpp, line 520]
Event: 1852.660 Thread 0x000001ffe5e63ab0 Exception <a 'java/io/IOException'{0x00000000882424e8}> (0x00000000882424e8) 
thrown [s\src\hotspot\share\prims\jni.cpp, line 520]
Event: 1855.719 Thread 0x000001ffe3277c60 Exception <a 'java/lang/InterruptedException'{0x000000008826ab78}: sleep interrupted> (0x000000008826ab78) 
thrown [s\src\hotspot\share\prims\jvm.cpp, line 3074]

ZGC Phase Switch (0 events):
No events

VM Operations (20 events):
Event: 1683.169 Executing VM operation: RendezvousGCThreads done
Event: 1685.177 Executing VM operation: Cleanup
Event: 1685.177 Executing VM operation: Cleanup done
Event: 1745.633 Executing VM operation: Cleanup
Event: 1745.633 Executing VM operation: Cleanup done
Event: 1775.872 Executing VM operation: Cleanup
Event: 1775.873 Executing VM operation: Cleanup done
Event: 1805.082 Executing VM operation: Cleanup
Event: 1805.083 Executing VM operation: Cleanup done
Event: 1851.941 Executing VM operation: ChangeSingleStep
Event: 1851.941 Executing VM operation: ChangeSingleStep done
Event: 1851.950 Executing VM operation: ChangeSingleStep
Event: 1851.950 Executing VM operation: ChangeSingleStep done
Event: 1851.959 Executing VM operation: ChangeSingleStep
Event: 1851.959 Executing VM operation: ChangeSingleStep done
Event: 1851.961 Executing VM operation: ChangeSingleStep
Event: 1851.961 Executing VM operation: ChangeSingleStep done
Event: 1852.961 Executing VM operation: Cleanup
Event: 1852.962 Executing VM operation: Cleanup done
Event: 1855.720 Executing VM operation: G1CollectFull (System.gc())

Memory protections (0 events):
No events

Nmethod flushes (20 events):
Event: 1226.068 Thread 0x000001ffddfefa00 flushing  nmethod 0x000001ffd6bf4190
Event: 1226.068 Thread 0x000001ffddfefa00 flushing  nmethod 0x000001ffd6bf4490
Event: 1226.068 Thread 0x000001ffddfefa00 flushing  nmethod 0x000001ffd6bf4990
Event: 1226.068 Thread 0x000001ffddfefa00 flushing  nmethod 0x000001ffd6bf4c90
Event: 1226.068 Thread 0x000001ffddfefa00 flushing  nmethod 0x000001ffd6bf4f90
Event: 1226.068 Thread 0x000001ffddfefa00 flushing  nmethod 0x000001ffd6bf5290
Event: 1226.068 Thread 0x000001ffddfefa00 flushing  nmethod 0x000001ffd6bf5710
Event: 1226.068 Thread 0x000001ffddfefa00 flushing  nmethod 0x000001ffd6c29090
Event: 1226.068 Thread 0x000001ffddfefa00 flushing  nmethod 0x000001ffd6c2ab10
Event: 1226.068 Thread 0x000001ffddfefa00 flushing  nmethod 0x000001ffd6c2bd10
Event: 1226.068 Thread 0x000001ffddfefa00 flushing  nmethod 0x000001ffd6c2c410
Event: 1226.068 Thread 0x000001ffddfefa00 flushing  nmethod 0x000001ffd6c2e110
Event: 1226.068 Thread 0x000001ffddfefa00 flushing  nmethod 0x000001ffd6c2e410
Event: 1226.068 Thread 0x000001ffddfefa00 flushing  nmethod 0x000001ffd6c36810
Event: 1226.068 Thread 0x000001ffddfefa00 flushing  nmethod 0x000001ffd6c36b10
Event: 1226.068 Thread 0x000001ffddfefa00 flushing  nmethod 0x000001ffd6c37490
Event: 1226.068 Thread 0x000001ffddfefa00 flushing  nmethod 0x000001ffd6c53d90
Event: 1226.068 Thread 0x000001ffddfefa00 flushing  nmethod 0x000001ffd6c8d490
Event: 1226.068 Thread 0x000001ffddfefa00 flushing  nmethod 0x000001ffd6ca6210
Event: 1651.348 Thread 0x000001ffddfefa00 flushing  nmethod 0x000001ffd6459d10

Events (20 events):
Event: 1852.629 Thread 0x000001ffe5e63ab0 Thread exited: 0x000001ffe5e63ab0
Event: 1852.629 Thread 0x000001ffe5e64e60 Thread exited: 0x000001ffe5e64e60
Event: 1852.629 Thread 0x000001ffe5e62d90 Thread exited: 0x000001ffe5e62d90
Event: 1852.629 Thread 0x000001ffe5e647d0 Thread exited: 0x000001ffe5e647d0
Event: 1852.629 Thread 0x000001ffe5e668a0 Thread exited: 0x000001ffe5e668a0
Event: 1852.629 Thread 0x000001ffe5e62070 Thread exited: 0x000001ffe5e62070
Event: 1852.629 Thread 0x000001ffe5e64140 Thread exited: 0x000001ffe5e64140
Event: 1852.629 Thread 0x000001ffe5e65b80 Thread exited: 0x000001ffe5e65b80
Event: 1852.654 Thread 0x000001ffe5e69000 Thread added: 0x000001ffe5e63ab0
Event: 1852.656 Thread 0x000001ffe32747e0 Thread exited: 0x000001ffe32747e0
Event: 1852.666 Thread 0x000001ffe5e63ab0 Thread exited: 0x000001ffe5e63ab0
Event: 1855.671 Thread 0x000001ffe5e675c0 Thread exited: 0x000001ffe5e675c0
Event: 1855.671 Thread 0x000001ffe3279010 Thread exited: 0x000001ffe3279010
Event: 1855.672 Thread 0x000001ffe5e66f30 Thread exited: 0x000001ffe5e66f30
Event: 1855.672 Thread 0x000001ffe32796a0 Thread exited: 0x000001ffe32796a0
Event: 1855.674 Thread 0x000001ffe327aa50 Thread exited: 0x000001ffe327aa50
Event: 1855.682 Thread 0x000001ffe327a3c0 Thread exited: 0x000001ffe327a3c0
Event: 1855.718 Thread 0x000001ffe3276220 Thread exited: 0x000001ffe3276220
Event: 1855.718 Thread 0x000001ffe3274150 Thread exited: 0x000001ffe3274150
Event: 1855.719 Thread 0x000001ffe3277c60 Thread exited: 0x000001ffe3277c60


Dynamic libraries:
0x00007ff73a670000 - 0x00007ff73a67e000 	C:\Users\dell\.p2\pool\plugins\org.eclipse.justj.openjdk.hotspot.jre.full.win32.x86_64_21.0.7.v20250502-0916\jre\bin\javaw.exe
0x00007ff9cb920000 - 0x00007ff9cbb89000 	C:\WINDOWS\SYSTEM32\ntdll.dll
0x00007ff9c9da0000 - 0x00007ff9c9e69000 	C:\WINDOWS\System32\KERNEL32.DLL
0x00007ff9c8ec0000 - 0x00007ff9c92b3000 	C:\WINDOWS\System32\KERNELBASE.dll
0x00007ff9c8ab0000 - 0x00007ff9c8bfb000 	C:\WINDOWS\System32\ucrtbase.dll
0x00007ff9b04e0000 - 0x00007ff9b04f8000 	C:\Users\dell\.p2\pool\plugins\org.eclipse.justj.openjdk.hotspot.jre.full.win32.x86_64_21.0.7.v20250502-0916\jre\bin\jli.dll
0x00007ff9afb30000 - 0x00007ff9afb4e000 	C:\Users\dell\.p2\pool\plugins\org.eclipse.justj.openjdk.hotspot.jre.full.win32.x86_64_21.0.7.v20250502-0916\jre\bin\VCRUNTIME140.dll
0x00007ff9cabf0000 - 0x00007ff9cadb4000 	C:\WINDOWS\System32\USER32.dll
0x00007ff9c92c0000 - 0x00007ff9c92e7000 	C:\WINDOWS\System32\win32u.dll
0x00007ff9c7cd0000 - 0x00007ff9c7f63000 	C:\WINDOWS\WinSxS\amd64_microsoft.windows.common-controls_6595b64144ccf1df_6.0.26100.5074_none_3e0d6f78e32fd63f\COMCTL32.dll
0x00007ff9cb1f0000 - 0x00007ff9cb21b000 	C:\WINDOWS\System32\GDI32.dll
0x00007ff9cb770000 - 0x00007ff9cb819000 	C:\WINDOWS\System32\msvcrt.dll
0x00007ff9c9460000 - 0x00007ff9c958d000 	C:\WINDOWS\System32\gdi32full.dll
0x00007ff9c8c90000 - 0x00007ff9c8d33000 	C:\WINDOWS\System32\msvcp_win.dll
0x00007ff9ca240000 - 0x00007ff9ca26f000 	C:\WINDOWS\System32\IMM32.DLL
0x00007ff9b07b0000 - 0x00007ff9b07bc000 	C:\Users\dell\.p2\pool\plugins\org.eclipse.justj.openjdk.hotspot.jre.full.win32.x86_64_21.0.7.v20250502-0916\jre\bin\vcruntime140_1.dll
0x00007ff993b20000 - 0x00007ff993bad000 	C:\Users\dell\.p2\pool\plugins\org.eclipse.justj.openjdk.hotspot.jre.full.win32.x86_64_21.0.7.v20250502-0916\jre\bin\msvcp140.dll
0x00007ff90b310000 - 0x00007ff90c0a0000 	C:\Users\dell\.p2\pool\plugins\org.eclipse.justj.openjdk.hotspot.jre.full.win32.x86_64_21.0.7.v20250502-0916\jre\bin\server\jvm.dll
0x00007ff9cb820000 - 0x00007ff9cb8d4000 	C:\WINDOWS\System32\ADVAPI32.dll
0x00007ff9ca9d0000 - 0x00007ff9caa76000 	C:\WINDOWS\System32\sechost.dll
0x00007ff9caed0000 - 0x00007ff9cafe8000 	C:\WINDOWS\System32\RPCRT4.dll
0x00007ff9c9fd0000 - 0x00007ff9ca044000 	C:\WINDOWS\System32\WS2_32.dll
0x00007ff9c8910000 - 0x00007ff9c896e000 	C:\WINDOWS\SYSTEM32\POWRPROF.dll
0x00007ff9c5720000 - 0x00007ff9c5755000 	C:\WINDOWS\SYSTEM32\WINMM.dll
0x00007ff9b8de0000 - 0x00007ff9b8deb000 	C:\WINDOWS\SYSTEM32\VERSION.dll
0x00007ff9c88f0000 - 0x00007ff9c8904000 	C:\WINDOWS\SYSTEM32\UMPDC.dll
0x00007ff9c6f60000 - 0x00007ff9c6f7b000 	C:\WINDOWS\SYSTEM32\kernel.appcore.dll
0x00007ff9b4ab0000 - 0x00007ff9b4aba000 	C:\Users\dell\.p2\pool\plugins\org.eclipse.justj.openjdk.hotspot.jre.full.win32.x86_64_21.0.7.v20250502-0916\jre\bin\jimage.dll
0x00007ff9c8280000 - 0x00007ff9c84c2000 	C:\WINDOWS\SYSTEM32\DBGHELP.DLL
0x00007ff9c9720000 - 0x00007ff9c9a9b000 	C:\WINDOWS\System32\combase.dll
0x00007ff9cab10000 - 0x00007ff9cabe7000 	C:\WINDOWS\System32\OLEAUT32.dll
0x00007ff9c8170000 - 0x00007ff9c81ad000 	C:\WINDOWS\SYSTEM32\dbgcore.DLL
0x00007ff9c9650000 - 0x00007ff9c96e9000 	C:\WINDOWS\System32\bcryptPrimitives.dll
0x00007ff9b0600000 - 0x00007ff9b063c000 	C:\Users\dell\.p2\pool\plugins\org.eclipse.justj.openjdk.hotspot.jre.full.win32.x86_64_21.0.7.v20250502-0916\jre\bin\jdwp.dll
0x00007ff9af800000 - 0x00007ff9af80f000 	C:\Users\dell\.p2\pool\plugins\org.eclipse.justj.openjdk.hotspot.jre.full.win32.x86_64_21.0.7.v20250502-0916\jre\bin\instrument.dll
0x00007ff9b01e0000 - 0x00007ff9b01ff000 	C:\Users\dell\.p2\pool\plugins\org.eclipse.justj.openjdk.hotspot.jre.full.win32.x86_64_21.0.7.v20250502-0916\jre\bin\java.dll
0x00007ff9ca280000 - 0x00007ff9ca9cd000 	C:\WINDOWS\System32\SHELL32.dll
0x00007ff9c92f0000 - 0x00007ff9c945c000 	C:\WINDOWS\System32\wintypes.dll
0x00007ff9c5c90000 - 0x00007ff9c64e9000 	C:\WINDOWS\SYSTEM32\windows.storage.dll
0x00007ff9cadc0000 - 0x00007ff9caeb0000 	C:\WINDOWS\System32\SHCORE.dll
0x00007ff9c9b40000 - 0x00007ff9c9ba2000 	C:\WINDOWS\System32\shlwapi.dll
0x00007ff9c89d0000 - 0x00007ff9c89f9000 	C:\WINDOWS\SYSTEM32\profapi.dll
0x00007ff9b0090000 - 0x00007ff9b00a8000 	C:\Users\dell\.p2\pool\plugins\org.eclipse.justj.openjdk.hotspot.jre.full.win32.x86_64_21.0.7.v20250502-0916\jre\bin\zip.dll
0x00007ff9af6f0000 - 0x00007ff9af6fb000 	C:\Users\dell\.p2\pool\plugins\org.eclipse.justj.openjdk.hotspot.jre.full.win32.x86_64_21.0.7.v20250502-0916\jre\bin\dt_socket.dll
0x00007ff9c69d0000 - 0x00007ff9c6a04000 	C:\WINDOWS\SYSTEM32\IPHLPAPI.DLL
0x00007ff9c7500000 - 0x00007ff9c756b000 	C:\WINDOWS\system32\mswsock.dll
0x00007ff9c6a70000 - 0x00007ff9c6b96000 	C:\WINDOWS\SYSTEM32\DNSAPI.dll
0x00007ff9c9b30000 - 0x00007ff9c9b3a000 	C:\WINDOWS\System32\NSI.dll
0x00007ff9b9aa0000 - 0x00007ff9b9aab000 	C:\Windows\System32\rasadhlp.dll
0x00007ff9c13d0000 - 0x00007ff9c1456000 	C:\WINDOWS\System32\fwpuclnt.dll
0x00007ff9b06d0000 - 0x00007ff9b06e0000 	C:\Users\dell\.p2\pool\plugins\org.eclipse.justj.openjdk.hotspot.jre.full.win32.x86_64_21.0.7.v20250502-0916\jre\bin\net.dll
0x00007ff9b9760000 - 0x00007ff9b987f000 	C:\WINDOWS\SYSTEM32\WINHTTP.dll
0x00007ff9b0030000 - 0x00007ff9b0046000 	C:\Users\dell\.p2\pool\plugins\org.eclipse.justj.openjdk.hotspot.jre.full.win32.x86_64_21.0.7.v20250502-0916\jre\bin\nio.dll
0x00007ff9b0520000 - 0x00007ff9b052a000 	C:\Users\dell\.p2\pool\plugins\org.eclipse.justj.openjdk.hotspot.jre.full.win32.x86_64_21.0.7.v20250502-0916\jre\bin\management.dll
0x00007ff9b03c0000 - 0x00007ff9b03cb000 	C:\Users\dell\.p2\pool\plugins\org.eclipse.justj.openjdk.hotspot.jre.full.win32.x86_64_21.0.7.v20250502-0916\jre\bin\management_ext.dll
0x00007ff9caec0000 - 0x00007ff9caec8000 	C:\WINDOWS\System32\PSAPI.DLL
0x00007ff9988b0000 - 0x00007ff9988c8000 	C:\WINDOWS\system32\napinsp.dll
0x00007ff9974a0000 - 0x00007ff9974b2000 	C:\WINDOWS\System32\winrnr.dll
0x00007ff997470000 - 0x00007ff997498000 	C:\WINDOWS\system32\nlansp_c.dll
0x00007ff9b7d30000 - 0x00007ff9b7d46000 	C:\WINDOWS\system32\wshbth.dll
0x00007ff9c85f0000 - 0x00007ff9c860b000 	C:\WINDOWS\SYSTEM32\CRYPTSP.dll
0x00007ff9c7130000 - 0x00007ff9c716b000 	C:\WINDOWS\system32\rsaenh.dll
0x00007ff9c75a0000 - 0x00007ff9c75cb000 	C:\WINDOWS\SYSTEM32\USERENV.dll
0x00007ff9c89a0000 - 0x00007ff9c89c6000 	C:\WINDOWS\SYSTEM32\bcrypt.dll
0x00007ff9c7a90000 - 0x00007ff9c7a9c000 	C:\WINDOWS\SYSTEM32\CRYPTBASE.dll
0x00007ff9b06c0000 - 0x00007ff9b06c9000 	C:\Users\dell\.p2\pool\plugins\org.eclipse.justj.openjdk.hotspot.jre.full.win32.x86_64_21.0.7.v20250502-0916\jre\bin\extnet.dll
0x00007ff9c0b40000 - 0x00007ff9c0b50000 	C:\Users\dell\.p2\pool\plugins\org.eclipse.justj.openjdk.hotspot.jre.full.win32.x86_64_21.0.7.v20250502-0916\jre\bin\verify.dll
0x00007ff9b07c0000 - 0x00007ff9b07ce000 	C:\Users\dell\.p2\pool\plugins\org.eclipse.justj.openjdk.hotspot.jre.full.win32.x86_64_21.0.7.v20250502-0916\jre\bin\sunmscapi.dll
0x00007ff9c8d40000 - 0x00007ff9c8eb7000 	C:\WINDOWS\System32\CRYPT32.dll
0x00007ff9c7b90000 - 0x00007ff9c7bc0000 	C:\WINDOWS\SYSTEM32\ncrypt.dll
0x00007ff9c7b40000 - 0x00007ff9c7b7f000 	C:\WINDOWS\SYSTEM32\NTASN1.dll
0x00007ff94be10000 - 0x00007ff94be18000 	C:\WINDOWS\system32\wshunix.dll

dbghelp: loaded successfully - version: 4.0.5 - missing functions: none
symbol engine: initialized successfully - sym options: 0x614 - pdb path: .;C:\Users\dell\.p2\pool\plugins\org.eclipse.justj.openjdk.hotspot.jre.full.win32.x86_64_21.0.7.v20250502-0916\jre\bin;C:\WINDOWS\SYSTEM32;C:\WINDOWS\WinSxS\amd64_microsoft.windows.common-controls_6595b64144ccf1df_6.0.26100.5074_none_3e0d6f78e32fd63f;C:\Users\dell\.p2\pool\plugins\org.eclipse.justj.openjdk.hotspot.jre.full.win32.x86_64_21.0.7.v20250502-0916\jre\bin\server

VM Arguments:
jvm_args: -XX:+ShowCodeDetailsInExceptionMessages -agentlib:jdwp=transport=dt_socket,suspend=y,address=localhost:9898 -Dcom.sun.management.jmxremote -Dcom.sun.management.jmxremote.port=9897 -Dcom.sun.management.jmxremote.authenticate=false -Dcom.sun.management.jmxremote.ssl=false -Djava.rmi.server.hostname=localhost -Dspring.jmx.enabled=true -Dmanagement.endpoints.jmx.exposure.include=* -Dspring.application.admin.enabled=true -Dspring.output.ansi.enabled=always -XX:TieredStopAtLevel=1 -Dspring.boot.project.name=E-ProductService -javaagent:D:\Sateesha\eclipse\configuration\org.eclipse.osgi\442\0\.cp\lib\javaagent-shaded.jar -Dfile.encoding=UTF-8 -Dstdout.encoding=UTF-8 -Dstderr.encoding=UTF-8 
java_command: com.product_service.ProductService1Application
java_class_path (initial): D:\Sateesha\E-ProductService\target\classes;C:\Users\dell\.m2\repository\org\springframework\boot\spring-boot-starter-data-jpa\3.5.5\spring-boot-starter-data-jpa-3.5.5.jar;C:\Users\dell\.m2\repository\org\springframework\boot\spring-boot-starter\3.5.5\spring-boot-starter-3.5.5.jar;C:\Users\dell\.m2\repository\org\springframework\boot\spring-boot-starter-logging\3.5.5\spring-boot-starter-logging-3.5.5.jar;C:\Users\dell\.m2\repository\ch\qos\logback\logback-classic\1.5.18\logback-classic-1.5.18.jar;C:\Users\dell\.m2\repository\ch\qos\logback\logback-core\1.5.18\logback-core-1.5.18.jar;C:\Users\dell\.m2\repository\org\apache\logging\log4j\log4j-to-slf4j\2.24.3\log4j-to-slf4j-2.24.3.jar;C:\Users\dell\.m2\repository\org\apache\logging\log4j\log4j-api\2.24.3\log4j-api-2.24.3.jar;C:\Users\dell\.m2\repository\org\slf4j\jul-to-slf4j\2.0.17\jul-to-slf4j-2.0.17.jar;C:\Users\dell\.m2\repository\jakarta\annotation\jakarta.annotation-api\2.1.1\jakarta.annotation-api-2.1.1.jar;C:\Users\dell\.m2\repository\org\yaml\snakeyaml\2.4\snakeyaml-2.4.jar;C:\Users\dell\.m2\repository\org\springframework\boot\spring-boot-starter-jdbc\3.5.5\spring-boot-starter-jdbc-3.5.5.jar;C:\Users\dell\.m2\repository\com\zaxxer\HikariCP\6.3.2\HikariCP-6.3.2.jar;C:\Users\dell\.m2\repository\org\springframework\spring-jdbc\6.2.10\spring-jdbc-6.2.10.jar;C:\Users\dell\.m2\repository\org\hibernate\orm\hibernate-core\6.6.26.Final\hibernate-core-6.6.26.Final.jar;C:\Users\dell\.m2\repository\jakarta\persistence\jakarta.persistence-api\3.1.0\jakarta.persistence-api-3.1.0.jar;C:\Users\dell\.m2\repository\jakarta\transaction\jakarta.transaction-api\2.0.1\jakarta.transaction-api-2.0.1.jar;C:\Users\dell\.m2\repository\org\jboss\logging\jboss-logging\3.6.1.Final\jboss-logging-3.6.1.Final.jar;C:\Users\dell\.m2\repository\org\hibernate\common\hibernate-commons-annotations\7.0.3.Final\hibernate-commons-annotations-7.0.3.Final.jar;C:\Users\dell\.m2\repository\io\smallrye\jandex\3.2.0\jandex-3.2.0.jar;C:\Users\dell\.m2\repository\com\fasterxml\classmate\1.7.0\classmate-1.7.0.jar;C:\Users\dell\.m2\repository\net\bytebuddy\byte-buddy\1.17.7\byte-buddy-1.17.7.jar;C:\Users\dell\.m2\repository\org\glassfish\jaxb\jaxb-runtime\4.0.5\jaxb-runtime-4.0.5.jar;C:\Users\dell\.m2\repository\org\glassfish\jaxb\jaxb-core\4.0.5\jaxb-core-4.0.5.jar;C:\Users\dell\.m2\repository\org\eclipse\angus\angus-activation\2.0.2\angus-activation-2.0.2.jar;C:\Users\dell\.m2\repository\org\glassfish\jaxb\txw2\4.0.5\txw2-4.0.5.jar;C:\Users\dell\.m2\repository\com\sun\istack\istack-commons-runtime\4.1.2\istack-commons-runtime-4.1.2.jar;C:\Users\dell\.m2\repository\jakarta\inject\jakarta.inject-api\2.0.1\jakarta.inject-api-2.0.1.jar;C:\Users\dell\.m2\repository\org\antlr\antlr4-runtime\4.13.0\antlr4-runtime-4.13.0.jar;C:\Users\dell\.m2\repository\org\springframework\data\spring-data-jpa\3.5.3\spring-data-jpa-3.5.3.jar;C:\Users\dell\.m2\repository\org\springframework\data\spring-data-commons\3.5.3\spring-data-commons-3.5.3.jar;C:\Users\dell\.m2\repository\org\springframework\spring-orm\6.2.10\spring-orm-6.2.10.jar;C:\Users\dell\.m2\repository\org\springframework\spring-context\6.2.10\spring-context-6.2.10.jar;C:\Users\dell\.m2\repository\org\springframework\spring-aop\6.2.10\spring-aop-6.2.10.jar;C:\Users\dell\.m2\repository\org\springframework\spring-tx\6.2.10\spring-tx-6.2.10.jar;C:\Users\dell\.m2\repository\org\springframework\spring-beans\6.2.10\spring-beans-6.2.10.jar;C:\Users\dell\.m2\repository\org\slf4j\slf4j-api\2.0.17\slf4j-api-2.0.17.jar;C:\Users\dell\.m2\repository\org\springframework\spring-aspects\6.2.10\spring-aspects-6.2.10.jar;C:\Users\dell\.m2\repository\org\aspectj\aspectjweaver\1.9.24\aspectjweaver-1.9.24.jar;C:\Users\dell\.m2\repository\org\springframework\boot\spring-boot-starter-web\3.5.5\spring-boot-starter-web-3.5.5.jar;C:\Users\dell\.m2\repository\org\springframework\boot\spring-boot-starter-json\3.5.5\spring-boot-starter-json-3.5.5.jar;C:\Users\dell\.m2\repository\com\fasterxml\jackson\core\jackson-databind\2.19.2\jackson-databind-2.19.2.jar;C:\Users\dell\.m2\repository\com\fasterxml\jackson\datatype\jackson-datatype-jdk8\2.19.2\jackson-datatype-jdk8-2.19.2.jar;C:\Users\dell\.m2\repository\com\fasterxml\jackson\datatype\jackson-datatype-jsr310\2.19.2\jackson-datatype-jsr310-2.19.2.jar;C:\Users\dell\.m2\repository\com\fasterxml\jackson\module\jackson-module-parameter-names\2.19.2\jackson-module-parameter-names-2.19.2.jar;C:\Users\dell\.m2\repository\org\springframework\boot\spring-boot-starter-tomcat\3.5.5\spring-boot-starter-tomcat-3.5.5.jar;C:\Users\dell\.m2\repository\org\apache\tomcat\embed\tomcat-embed-core\10.1.44\tomcat-embed-core-10.1.44.jar;C:\Users\dell\.m2\repository\org\apache\tomcat\embed\tomcat-embed-el\10.1.44\tomcat-embed-el-10.1.44.jar;C:\Users\dell\.m2\repository\org\apache\tomcat\embed\tomcat-embed-websocket\10.1.44\tomcat-embed-websocket-10.1.44.jar;C:\Users\dell\.m2\repository\org\springframework\spring-web\6.2.10\spring-web-6.2.10.jar;C:\Users\dell\.m2\repository\io\micrometer\micrometer-observation\1.15.3\micrometer-observation-1.15.3.jar;C:\Users\dell\.m2\repository\io\micrometer\micrometer-commons\1.15.3\micrometer-commons-1.15.3.jar;C:\Users\dell\.m2\repository\org\springframework\spring-webmvc\6.2.10\spring-webmvc-6.2.10.jar;C:\Users\dell\.m2\repository\org\springframework\spring-expression\6.2.10\spring-expression-6.2.10.jar;C:\Users\dell\.m2\repository\org\springframework\boot\spring-boot-devtools\3.5.5\spring-boot-devtools-3.5.5.jar;C:\Users\dell\.m2\repository\org\springframework\boot\spring-boot\3.5.5\spring-boot-3.5.5.jar;C:\Users\dell\.m2\repository\org\springframework\boot\spring-boot-autoconfigure\3.5.5\spring-boot-autoconfigure-3.5.5.jar;C:\Users\dell\.m2\repository\com\mysql\mysql-connector-j\9.4.0\mysql-connector-j-9.4.0.jar;C:\Users\dell\.m2\repository\org\projectlombok\lombok\1.18.38\lombok-1.18.38.jar;C:\Users\dell\.m2\repository\jakarta\xml\bind\jakarta.xml.bind-api\4.0.2\jakarta.xml.bind-api-4.0.2.jar;C:\Users\dell\.m2\repository\jakarta\activation\jakarta.activation-api\2.1.3\jakarta.activation-api-2.1.3.jar;C:\Users\dell\.m2\repository\org\springframework\spring-core\6.2.10\spring-core-6.2.10.jar;C:\Users\dell\.m2\repository\org\springframework\spring-jcl\6.2.10\spring-jcl-6.2.10.jar;C:\Users\dell\.m2\repository\org\springframework\cloud\spring-cloud-starter-netflix-eureka-client\4.3.0\spring-cloud-starter-netflix-eureka-client-4.3.0.jar;C:\Users\dell\.m2\repository\org\springframework\cloud\spring-cloud-starter\4.3.0\spring-cloud-starter-4.3.0.jar;C:\Users\dell\.m2\repository\org\springframework\cloud\spring-cloud-context\4.3.0\spring-cloud-context-4.3.0.jar;C:\Users\dell\.m2\repository\org\springframework\security\spring-security-crypto\6.5.3\spring-security-crypto-6.5.3.jar;C:\Users\dell\.m2\repository\org\springframework\cloud\spring-cloud-commons\4.3.0\spring-cloud-commons-4.3.0.jar;C:\Users\dell\.m2\repository\org\bouncycastle\bcprov-jdk18on\1.80\bcprov-jdk18on-1.80.jar;C:\Users\dell\.m2\repository\org\springframework\cloud\spring-cloud-netflix-eureka-client\4.3.0\spring-cloud-netflix-eureka-client-4.3.0.jar;C:\Users\dell\.m2\repository\org\apache\httpcomponents\client5\httpclient5\5.5\httpclient5-5.5.jar;C:\Users\dell\.m2\repository\org\apache\httpcomponents\core5\httpcore5\5.3.4\httpcore5-5.3.4.jar;C:\Users\dell\.m2\repository\org\apache\httpcomponents\core5\httpcore5-h2\5.3.4\httpcore5-h2-5.3.4.jar;C:\Users\dell\.m2\repository\com\netflix\eureka\eureka-client\2.0.4\eureka-client-2.0.4.jar;C:\Users\dell\.m2\repository\com\thoughtworks\xstream\xstream\1.4.20\xstream-1.4.20.jar;C:\Users\dell\.m2\repository\io\github\x-stream\mxparser\1.2.2\mxparser-1.2.2.jar;C:\Users\dell\.m2\repository\xmlpull\xmlpull\1.1.3.1\xmlpull-1.1.3.1.jar;C:\Users\dell\.m2\repository\jakarta\ws\rs\jakarta.ws.rs-api\3.1.0\jakarta.ws.rs-api-3.1.0.jar;C:\Users\dell\.m2\repository\com\netflix\spectator\spectator-api\1.7.3\spectator-api-1.7.3.jar;C:\Users\dell\.m2\repository\org\apache\httpcomponents\httpclient\4.5.3\httpclient-4.5.3.jar;C:\Users\dell\.m2\repository\org\apache\httpcomponents\httpcore\4.4.16\httpcore-4.4.16.jar;C:\Users\dell\.m2\repository\commons-codec\commons-codec\1.18.0\commons-codec-1.18.0.jar;C:\Users\dell\.m2\repository\commons-configuration\commons-configuration\1.10\commons-configuration-1.10.jar;C:\Users\dell\.m2\repository\commons-lang\commons-lang\2.6\commons-lang-2.6.jar;C:\Users\dell\.m2\repository\com\fasterxml\jackson\core\jackson-annotations\2.19.2\jackson-annotations-2.19.2.jar;C:\Users\dell\.m2\repository\com\fasterxml\jackson\core\jackson-core\2.19.2\jackson-core-2.19.2.jar;C:\Users\dell\.m2\repository\com\netflix\netflix-commons\netflix-eventbus\0.3.0\netflix-eventbus-0.3.0.jar;C:\Users\dell\.m2\repository\com\netflix\netflix-commons\netflix-infix\0.3.0\netflix-infix-0.3.0.jar;C:\Users\dell\.m2\repository\commons-jxpath\commons-jxpath\1.3\commons-jxpath-1.3.jar;C:\Users\dell\.m2\repository\joda-time\joda-time\2.3\joda-time-2.3.jar;C:\Users\dell\.m2\repository\org\antlr\antlr-runtime\3.4\antlr-runtime-3.4.jar;C:\Users\dell\.m2\repository\org\antlr\stringtemplate\3.2.1\stringtemplate-3.2.1.jar;C:\Users\dell\.m2\repository\antlr\antlr\2.7.7\antlr-2.7.7.jar;C:\Users\dell\.m2\repository\com\google\guava\guava\14.0.1\guava-14.0.1.jar;C:\Users\dell\.m2\repository\com\google\code\gson\gson\2.13.1\gson-2.13.1.jar;C:\Users\dell\.m2\repository\com\google\errorprone\error_prone_annotations\2.38.0\error_prone_annotations-2.38.0.jar;C:\Users\dell\.m2\repository\com\netflix\servo\servo-core\0.5.3\servo-core-0.5.3.jar;C:\Users\dell\.m2\repository\org\apache\commons\commons-math\2.2\commons-math-2.2.jar;C:\Users\dell\.m2\repository\javax\annotation\javax.annotation-api\1.2\javax.annotation-api-1.2.jar;C:\Users\dell\.m2\repository\org\codehaus\jettison\jettison\1.5.4\jettison-1.5.4.jar;C:\Users\dell\.m2\repository\org\springframework\cloud\spring-cloud-starter-loadbalancer\4.3.0\spring-cloud-starter-loadbalancer-4.3.0.jar;C:\Users\dell\.m2\repository\org\springframework\cloud\spring-cloud-loadbalancer\4.3.0\spring-cloud-loadbalancer-4.3.0.jar;C:\Users\dell\.m2\repository\io\projectreactor\reactor-core\3.7.9\reactor-core-3.7.9.jar;C:\Users\dell\.m2\repository\org\reactivestreams\reactive-streams\1.0.4\reactive-streams-1.0.4.jar;C:\Users\dell\.m2\repository\io\projectreactor\addons\reactor-extra\3.5.2\reactor-extra-3.5.2.jar;C:\Users\dell\.m2\repository\org\springframework\boot\spring-boot-starter-cache\3.5.5\spring-boot-starter-cache-3.5.5.jar;C:\Users\dell\.m2\repository\org\springframework\spring-context-support\6.2.10\spring-context-support-6.2.10.jar;C:\Users\dell\.m2\repository\com\stoyanr\evictor\1.0.0\evictor-1.0.0.jar
Launcher Type: SUN_STANDARD

[Global flags]
     intx CICompilerCount                          = 4                                         {product} {ergonomic}
     uint ConcGCThreads                            = 2                                         {product} {ergonomic}
     uint G1ConcRefinementThreads                  = 8                                         {product} {ergonomic}
   size_t G1HeapRegionSize                         = 1048576                                   {product} {ergonomic}
    uintx GCDrainStackTargetSize                   = 64                                        {product} {ergonomic}
   size_t InitialHeapSize                          = 130023424                                 {product} {ergonomic}
     bool ManagementServer                         = true                                      {product} {command line}
   size_t MarkStackSize                            = 4194304                                   {product} {ergonomic}
   size_t MaxHeapSize                              = 2076180480                                {product} {ergonomic}
   size_t MaxNewSize                               = 1245708288                                {product} {ergonomic}
   size_t MinHeapDeltaBytes                        = 1048576                                   {product} {ergonomic}
   size_t MinHeapSize                              = 8388608                                   {product} {ergonomic}
    uintx NonNMethodCodeHeapSize                   = 4096                                   {pd product} {ergonomic}
    uintx NonProfiledCodeHeapSize                  = 0                                      {pd product} {ergonomic}
     bool ProfileInterpreter                       = false                                  {pd product} {command line}
    uintx ProfiledCodeHeapSize                     = 0                                      {pd product} {ergonomic}
     bool ShowCodeDetailsInExceptionMessages       = true                                   {manageable} {command line}
   size_t SoftMaxHeapSize                          = 2076180480                             {manageable} {ergonomic}
     intx TieredStopAtLevel                        = 1                                         {product} {command line}
     bool UseCompressedOops                        = true                           {product lp64_product} {ergonomic}
     bool UseG1GC                                  = true                                      {product} {ergonomic}
     bool UseLargePagesIndividualAllocation        = false                                  {pd product} {ergonomic}

Logging:
Log output configuration:
 #0: stdout all=warning uptime,level,tags foldmultilines=false
 #1: stderr all=off uptime,level,tags foldmultilines=false

Environment Variables:
PATH=C:\Users\dell\.p2\pool\plugins\org.eclipse.justj.openjdk.hotspot.jre.full.win32.x86_64_21.0.7.v20250502-0916\jre\bin;C:/Users/dell/.p2/pool/plugins/org.eclipse.justj.openjdk.hotspot.jre.full.win32.x86_64_21.0.7.v20250502-0916/jre/bin/server;C:/Users/dell/.p2/pool/plugins/org.eclipse.justj.openjdk.hotspot.jre.full.win32.x86_64_21.0.7.v20250502-0916/jre/bin;C:\app\dell\product\11.2.0\dbhome_1\bin;C:\Program Files (x86)\Common Files\Oracle\Java\javapath;C:\Windows\system32;C:\Windows;C:\Windows\System32\Wbem;C:\Windows\System32\WindowsPowerShell\v1.0\;C:\Windows\System32\OpenSSH\;C:\Program Files\NVIDIA Corporation\NVIDIA NvDLISR;C:\WINDOWS\system32;C:\WINDOWS;C:\WINDOWS\System32\Wbem;C:\WINDOWS\System32\WindowsPowerShell\v1.0\;C:\WINDOWS\System32\OpenSSH\;C:\Program Files\dotnet\;C:\Program Files\Java\jdk1.8.0_202\bin;C:\Users\dell\Downloads\apache-maven-3.9.9-bin (1)\apache-maven-3.9.9\bin;C:\Program Files\Git\cmd;C:\ProgramData\chocolatey\bin;C:\Program Files\nodejs\;C:\Users\dell\AppData\Local\Microsoft\WindowsApps;C:\Program Files\JetBrains\PyCharm Community Edition 2021.3\bin;;C:\Users\dell\AppData\Local\Programs\Microsoft VS Code\bin;C:\Users\dell\AppData\Roaming\npm;C:\WINDOWS\system32;
USERNAME=dell
OS=Windows_NT
PROCESSOR_IDENTIFIER=Intel64 Family 6 Model 140 Stepping 1, GenuineIntel
TMP=C:\Users\dell\AppData\Local\Temp
TEMP=C:\Users\dell\AppData\Local\Temp




Periodic native trim disabled

---------------  S Y S T E M  ---------------

OS:
 Windows 11 , 64 bit Build 26100 (10.0.26100.5074)
OS uptime: 5 days 2:41 hours
Hyper-V role detected

CPU: total 8 (initial active 8) (4 cores per cpu, 2 threads per core) family 6 model 140 stepping 1 microcode 0xb8, cx8, cmov, fxsr, ht, mmx, 3dnowpref, sse, sse2, sse3, ssse3, sse4.1, sse4.2, popcnt, lzcnt, tsc, tscinvbit, avx, avx2, aes, erms, clmul, bmi1, bmi2, adx, avx512f, avx512dq, avx512cd, avx512bw, avx512vl, sha, fma, vzeroupper, avx512_vpopcntdq, avx512_vpclmulqdq, avx512_vaes, avx512_vnni, clflush, clflushopt, clwb, avx512_vbmi2, avx512_vbmi, hv, rdtscp, rdpid, fsrm, gfni, avx512_bitalg, f16c, cet_ibt, cet_ss, avx512_ifma
Processor Information for the first 8 processors :
  Max Mhz: 1382, Current Mhz: 1382, Mhz Limit: 1382

Memory: 4k page, system-wide physical 7914M (485M free)
TotalPageFile size 27370M (AvailPageFile size 3965M)
current process WorkingSet (physical memory assigned to process): 131M, peak: 294M
current process commit charge ("private bytes"): 354M, peak: 354M

vm_info: OpenJDK 64-Bit Server VM (21.0.7+6-LTS) for windows-amd64 JRE (21.0.7+6-LTS), built on 2025-04-15T00:00:00Z by "admin" with MS VC++ 17.7 (VS2022)

END.
